<?xml version="1.0" encoding="UTF-8"?>
<!-- Generated by org.testng.reporters.JUnitXMLReporter -->
<testsuite hostname="TP-LAP0039" ignored="0" name="Default test" tests="1" failures="0" timestamp="2019-10-11T09:18:44 CDT" time="188.419" errors="0">
  <testcase name="TC_0031_Regression_MGSClassic_ChangeClubTypeImmediately_IncreasedCost" time="128.391" classname="com.MGSLightning_Execution_Classes.TC_0031_Regression_MGSLightning_ChangeClubTypeImmediately_IncreasedCost"/>
</testsuite> <!-- Default test -->
