<?xml version="1.0" encoding="UTF-8"?>
<!-- Generated by org.testng.reporters.JUnitXMLReporter -->
<testsuite hostname="TP-LAP0039" ignored="0" name="TC0005_Regression_Communities_MonthlyMember_ClearUTP" tests="1" failures="0" timestamp="08 Oct 2019 09:11:49 GMT" time="73.272" errors="0">
  <testcase name="TC0004_Regression_Communities_MonthlyMember_UpdateCard" time="45.215" classname="com.Communities_Execution_Classes.TC0005_Regression_Communities_MonthlyMember_ClearUTP"/>
</testsuite> <!-- TC0005_Regression_Communities_MonthlyMember_ClearUTP -->
