<?xml version="1.0" encoding="UTF-8"?>
<!-- Generated by org.testng.reporters.JUnitXMLReporter -->
<testsuite hostname="TP-LAP0039" ignored="0" name="TC0007_Regression_Communities_MonthlyMember_MemberSignatureOptIn" tests="1" failures="0" timestamp="08 Oct 2019 09:14:02 GMT" time="56.22" errors="0">
  <testcase name="TC0007_Regression_Communities_MonthlyMember_MemberSignatureOptIn" time="28.17" classname="com.Communities_Execution_Classes.TC0007_Regression_Communities_MonthlyMember_MemberSignatureOptIn"/>
</testsuite> <!-- TC0007_Regression_Communities_MonthlyMember_MemberSignatureOptIn -->
