<?xml version="1.0" encoding="UTF-8"?>
<!-- Generated by org.testng.reporters.JUnitXMLReporter -->
<testsuite hostname="TP-LAP0039" ignored="0" name="TC0009_Regression_Communities_MonthlyMember_Change2to1BottleImmediately" tests="1" failures="0" timestamp="08 Oct 2019 09:17:00 GMT" time="123.514" errors="0">
  <testcase name="TC0009_Regression_Communities_MonthlyMember_Change2to1BottleImmediately" time="91.746" classname="com.Communities_Execution_Classes.TC0009_Regression_Communities_MonthlyMember_Change2to1BottleImmediately"/>
</testsuite> <!-- TC0009_Regression_Communities_MonthlyMember_Change2to1BottleImmediately -->
