<?xml version="1.0" encoding="UTF-8"?>
<!-- Generated by org.testng.reporters.JUnitXMLReporter -->
<testsuite hostname="TP-LAP0039" ignored="0" name="TC0006_Regression_Communities_MonthlyMember_MemberSignatureOptOut" tests="1" failures="0" timestamp="08 Oct 2019 09:13:06 GMT" time="77.042" errors="0">
  <testcase name="TC0006_Regression_Communities_MonthlyMember_MemberSignatureOptOut" time="50.737" classname="com.Communities_Execution_Classes.TC0006_Regression_Communities_MonthlyMember_MemberSignatureOptOut"/>
</testsuite> <!-- TC0006_Regression_Communities_MonthlyMember_MemberSignatureOptOut -->
