<?xml version="1.0" encoding="UTF-8"?>
<!-- Generated by org.testng.reporters.JUnitXMLReporter -->
<testsuite hostname="TP-LAP0039" ignored="0" name="TC0003_Regression_Communities_MonthlyMember_Rejoin" tests="1" failures="0" timestamp="08 Oct 2019 07:30:54 GMT" time="47.827" errors="0">
  <testcase name="TC0003_Regression_Communities_MonthlyMember_Rejoin" time="27.225" classname="com.Communities_Execution_Classes.TC0003_Regression_Communities_MonthlyMember_Rejoin"/>
</testsuite> <!-- TC0003_Regression_Communities_MonthlyMember_Rejoin -->
