<?xml version="1.0" encoding="UTF-8"?>
<!-- Generated by org.testng.reporters.JUnitXMLReporter -->
<testsuite hostname="TP-LAP0039" ignored="0" name="TC0001_Regression_Communities_MonthlyMemberLogin" tests="1" failures="0" timestamp="08 Oct 2019 09:09:26 GMT" time="47.332" errors="0">
  <testcase name="TC0001_Regression_Communities_MonthlyMemberLogin" time="20.674" classname="com.Communities_Execution_Classes.TC0001_Regression_Communities_MonthlyMemberLogin"/>
</testsuite> <!-- TC0001_Regression_Communities_MonthlyMemberLogin -->
