<?xml version="1.0" encoding="UTF-8"?>
<!-- Generated by org.testng.reporters.JUnitXMLReporter -->
<testsuite hostname="TP-LAP0039" ignored="0" name="TC0004_Regression_Communities_MonthlyMember_UpdateCard" tests="1" failures="0" timestamp="08 Oct 2019 09:10:36 GMT" time="70.107" errors="0">
  <testcase name="TC0004_Regression_Communities_MonthlyMember_UpdateCard" time="44.471" classname="com.Communities_Execution_Classes.TC0004_Regression_Communities_MonthlyMember_UpdateCard"/>
</testsuite> <!-- TC0004_Regression_Communities_MonthlyMember_UpdateCard -->
