<?xml version="1.0" encoding="UTF-8"?>
<!-- Generated by org.testng.reporters.JUnitXMLReporter -->
<testsuite hostname="TP-LAP0039" ignored="0" name="TC_0105_Regression_RUI_NotAbletoMarkOffTastingwithSERVER" tests="1" failures="0" timestamp="05 Oct 2019 21:01:11 GMT" time="124.638" errors="0">
  <testcase name="TC_0105_Regression_RUI_NotAbletoMarkOffTastingwithSERVER" time="10.731" classname="com.Restaurant_Execution_Classes.TC_0105_Regression_RUI_NotAbletoMarkOffTastingwithSERVER"/>
</testsuite> <!-- TC_0105_Regression_RUI_NotAbletoMarkOffTastingwithSERVER -->
