<?xml version="1.0" encoding="UTF-8"?>
<!-- Generated by org.testng.reporters.JUnitXMLReporter -->
<testsuite hostname="TP-LAP0039" ignored="0" name="TC_0118_Regression_RUI_ExtendgiftmembershipafterexpiringwithManager" tests="1" failures="0" timestamp="05 Oct 2019 22:38:21 GMT" time="82.441" errors="0">
  <testcase name="TC_0118_Regression_RUI_ExtendgiftmembershipafterexpiringwithManager" time="12.316" classname="com.Restaurant_Execution_Classes.TC_0118_Regression_RUI_ExtendgiftmembershipafterexpiringwithManager"/>
</testsuite> <!-- TC_0118_Regression_RUI_ExtendgiftmembershipafterexpiringwithManager -->
