<?xml version="1.0" encoding="UTF-8"?>
<!-- Generated by org.testng.reporters.JUnitXMLReporter -->
<testsuite hostname="TP-LAP0039" ignored="0" name="TC_0087_Regression_RUI_Changefrom2to1bottlemembershipImmediatelytwithTRA" tests="1" failures="0" timestamp="05 Oct 2019 19:12:30 GMT" time="135.65" errors="0">
  <testcase name="TC_0087_Regression_RUI_Changefrom2to1bottlemembershipImmediatelytwithTRA" time="27.392" classname="com.Restaurant_Execution_Classes.TC_0087_Regression_RUI_Changefrom2to1bottlemembershipImmediatelytwithTRA"/>
</testsuite> <!-- TC_0087_Regression_RUI_Changefrom2to1bottlemembershipImmediatelytwithTRA -->
