<?xml version="1.0" encoding="UTF-8"?>
<!-- Generated by org.testng.reporters.JUnitXMLReporter -->
<testsuite hostname="TP-LAP0039" ignored="0" name="TC_0071_Regression_RUI_ChangedeliveryNextBillingCyclewithTRA" tests="1" failures="0" timestamp="05 Oct 2019 19:03:24 GMT" time="147.215" errors="0">
  <testcase name="TC_0071_Regression_RUI_ChangedeliveryNextBillingCyclewithTRA" time="38.088" classname="com.Restaurant_Execution_Classes.TC_0071_Regression_RUI_ChangedeliveryNextBillingCyclewithTRA"/>
</testsuite> <!-- TC_0071_Regression_RUI_ChangedeliveryNextBillingCyclewithTRA -->
