<?xml version="1.0" encoding="UTF-8"?>
<!-- Generated by org.testng.reporters.JUnitXMLReporter -->
<testsuite hostname="TP-LAP0039" ignored="0" name="TC_0004_Regression_MGSLightning_Promotion_SignUp" tests="1" failures="0" timestamp="07 Oct 2019 07:50:30 GMT" time="341.56" errors="0">
  <testcase name="TC_0004_Regression_MGSLightning_Promotion_SignUp" time="292.33" classname="com.MGSLightning_Execution_Classes.TC_0004_Regression_MGSLightning_Promotion_SignUp"/>
</testsuite> <!-- TC_0004_Regression_MGSLightning_Promotion_SignUp -->
