<?xml version="1.0" encoding="UTF-8"?>
<!-- Generated by org.testng.reporters.JUnitXMLReporter -->
<testsuite hostname="TP-LAP0039" ignored="0" name="TC_0125_Regression_RUI_ConvertgiftmembershipafterexpiringwithServer" tests="1" failures="0" timestamp="02 Oct 2019 14:27:55 GMT" time="65.295" errors="0">
  <testcase name="TC_0125_Regression_RUI_ConvertgiftmembershipafterexpiringwithServer" time="14.277" classname="com.Restaurant_Execution_Classes.TC_0125_Regression_RUI_ConvertgiftmembershipafterexpiringwithServer"/>
</testsuite> <!-- TC_0125_Regression_RUI_ConvertgiftmembershipafterexpiringwithServer -->
