<?xml version="1.0" encoding="UTF-8"?>
<!-- Generated by org.testng.reporters.JUnitXMLReporter -->
<testsuite hostname="TP-LAP0039" ignored="0" name="TC_0028_Regression_MGSClassic_ChangeClubTypeNextBillingCycle_DecreasedCost" tests="1" failures="1" timestamp="07 Oct 2019 02:40:54 GMT" time="154.549" errors="0">
  <testcase name="TC_0028_Regression_MGSClassic_ChangeClubTypeNextBillingCycle_DecreasedCost" time="72.663" classname="com.MGSClassic_Execution_Classes.TC_0028_Regression_MGSClassic_ChangeClubTypeNextBillingCycle_DecreasedCost">
    <failure type="java.lang.Error" message="Unresolved compilation problem: 
	The method chargeNewCreditCard_StoreOnFile() is undefined for the type Page_MonthlyMembersEntry
">
      <![CDATA[java.lang.Error: Unresolved compilation problem: 
The method chargeNewCreditCard_StoreOnFile() is undefined for the type Page_MonthlyMembersEntry

at com.MGS.CommonPages.ClassicWCMemberValidationPage.changeClubTypeDecreasedCostNextbillingCycle(ClassicWCMemberValidationPage.java:1129)
at com.MGS.CommonPages.MGSPages.ClassicWCMemberValidationPage_changeClubTypeDecreasedCostNextBillingCycle(MGSPages.java:565)
at com.MGSClassic_Execution_Classes.TC_0028_Regression_MGSClassic_ChangeClubTypeNextBillingCycle_DecreasedCost.TC_0028_Regression_MGSClassic_ChangeClubTypeNextBillingCycle_DecreasedCost(TC_0028_Regression_MGSClassic_ChangeClubTypeNextBillingCycle_DecreasedCost.java:54)
... Removed 25 stack frames]]>
    </failure>
  </testcase> <!-- TC_0028_Regression_MGSClassic_ChangeClubTypeNextBillingCycle_DecreasedCost -->
</testsuite> <!-- TC_0028_Regression_MGSClassic_ChangeClubTypeNextBillingCycle_DecreasedCost -->
