<?xml version="1.0" encoding="UTF-8"?>
<!-- Generated by org.testng.reporters.JUnitXMLReporter -->
<testsuite hostname="TP-LAP0039" ignored="0" name="TC_0103_Regression_RUI_MarkOffTastingwithTRA" tests="1" failures="0" timestamp="05 Oct 2019 18:58:32 GMT" time="129.732" errors="0">
  <testcase name="TC_0103_Regression_RUI_MarkOffTastingwithTRA" time="22.554" classname="com.Restaurant_Execution_Classes.TC_0103_Regression_RUI_MarkOffTastingwithTRA"/>
</testsuite> <!-- TC_0103_Regression_RUI_MarkOffTastingwithTRA -->
