<?xml version="1.0" encoding="UTF-8"?>
<!-- Generated by org.testng.reporters.JUnitXMLReporter -->
<testsuite hostname="TP-LAP0039" ignored="0" name="TC_0046_Regression_RUI_MemberSignatureOptInwithMANAGER" tests="1" failures="0" timestamp="05 Oct 2019 21:45:08 GMT" time="160.713" errors="0">
  <testcase name="TC_0046_Regression_RUI_MemberSignatureOptInwithMANAGER" time="18.685" classname="com.Restaurant_Execution_Classes.TC_0046_Regression_RUI_MemberSignatureOptInwithMANAGER"/>
</testsuite> <!-- TC_0046_Regression_RUI_MemberSignatureOptInwithMANAGER -->
