<?xml version="1.0" encoding="UTF-8"?>
<!-- Generated by org.testng.reporters.JUnitXMLReporter -->
<testsuite hostname="TP-LAP0039" ignored="0" name="TC_0015_Regression_MGSLightning_Markoff_Tasting" tests="1" failures="0" timestamp="04 Oct 2019 11:59:33 GMT" time="161.694" errors="0">
  <testcase name="TC_0015_Regression_MGS_Markoff_Tasting" time="122.339" classname="com.MGSLightning_Execution_Classes.TC_0015_Regression_MGSLightning_Markoff_Tasting"/>
</testsuite> <!-- TC_0015_Regression_MGSLightning_Markoff_Tasting -->
