<?xml version="1.0" encoding="UTF-8"?>
<!-- Generated by org.testng.reporters.JUnitXMLReporter -->
<testsuite hostname="TP-LAP0039" ignored="0" name="TC_0124_Regression_RUI_ConvertgiftmembershipafterexpiringwithBartender" tests="1" failures="0" timestamp="02 Oct 2019 14:26:49 GMT" time="66.008" errors="0">
  <testcase name="TC_0124_Regression_RUI_ConvertgiftmembershipafterexpiringwithBartender" time="15.297" classname="com.Restaurant_Execution_Classes.TC_0124_Regression_RUI_ConvertgiftmembershipafterexpiringwithBartender"/>
</testsuite> <!-- TC_0124_Regression_RUI_ConvertgiftmembershipafterexpiringwithBartender -->
