<?xml version="1.0" encoding="UTF-8"?>
<!-- Generated by org.testng.reporters.JUnitXMLReporter -->
<testsuite hostname="TP-LAP0039" ignored="0" name="TC_0131_Regression_RUI_PickUpCurrentWOMUpchargewithBARTENDER" tests="1" failures="0" timestamp="02 Oct 2019 10:54:19 GMT" time="237.656" errors="0">
  <testcase name="TC_0056_Regression_RUI_PickUpPriorWOMUpchargewithBARTENDER" time="173.404" classname="com.Restaurant_Execution_Classes.TC_0131_Regression_RUI_PickUpCurrentWOMUpchargewithBARTENDER"/>
</testsuite> <!-- TC_0131_Regression_RUI_PickUpCurrentWOMUpchargewithBARTENDER -->
