<?xml version="1.0" encoding="UTF-8"?>
<!-- Generated by org.testng.reporters.JUnitXMLReporter -->
<testsuite hostname="TP-LAP0039" ignored="0" name="TC_0079_Regression_RUI_ChangeClubtypeNextBillingcycleIncreasedcostwithTRA" tests="1" failures="0" timestamp="05 Oct 2019 19:08:22 GMT" time="135.939" errors="0">
  <testcase name="TC_0079_Regression_RUI_ChangeClubtypeNextBillingcycleIncreasedcostwithTRA" time="40.414" classname="com.Restaurant_Execution_Classes.TC_0079_Regression_RUI_ChangeClubtypeNextBillingcycleIncreasedcostwithTRA"/>
</testsuite> <!-- TC_0079_Regression_RUI_ChangeClubtypeNextBillingcycleIncreasedcostwithTRA -->
