<?xml version="1.0" encoding="UTF-8"?>
<!-- Generated by org.testng.reporters.JUnitXMLReporter -->
<testsuite hostname="TP-LAP0039" ignored="0" name="TC_0014_Regression_MGSClassic_Clear_DeclineStatus" tests="1" failures="0" timestamp="07 Oct 2019 01:52:52 GMT" time="163.378" errors="0">
  <testcase name="TC_0014_Regression_MGS_Clear_DeclineStatus" time="104.03" classname="com.MGSClassic_Execution_Classes.TC_0014_Regression_MGSClassic_Clear_DeclineStatus"/>
</testsuite> <!-- TC_0014_Regression_MGSClassic_Clear_DeclineStatus -->
