<?xml version="1.0" encoding="UTF-8"?>
<!-- Generated by org.testng.reporters.JUnitXMLReporter -->
<testsuite hostname="TP-LAP0039" ignored="0" name="TC_0028_Regression_MGSLightning_ChangeClubTypeNextBillingCycle_DecreasedCost" tests="1" failures="0" timestamp="2019-10-10T07:06:34 CDT" time="74.735" errors="0">
  <testcase name="TC_0028_Regression_MGSClassic_ChangeClubTypeNextBillingCycle_DecreasedCost" time="0.0" classname="com.MGSLightning_Execution_Classes.TC_0028_Regression_MGSLightning_ChangeClubTypeNextBillingCycle_DecreasedCost">
    <skipped/>
  </testcase> <!-- TC_0028_Regression_MGSClassic_ChangeClubTypeNextBillingCycle_DecreasedCost -->
</testsuite> <!-- TC_0028_Regression_MGSLightning_ChangeClubTypeNextBillingCycle_DecreasedCost -->
