<?xml version="1.0" encoding="UTF-8"?>
<!-- Generated by org.testng.reporters.JUnitXMLReporter -->
<testsuite hostname="TP-LAP0039" ignored="0" name="TC_0021_Regression_MGSClassic_Pickup_CurrentWOMwithNoupcharge_card" tests="1" failures="0" timestamp="07 Oct 2019 02:11:50 GMT" time="178.624" errors="0">
  <testcase name="TC_0021_Regression_MGS_Pickup_CurrentWOMwithNoupcharge_card" time="107.668" classname="com.MGSClassic_Execution_Classes.TC_0021_Regression_MGSClassic_Pickup_CurrentWOMwithNoupcharge_card"/>
</testsuite> <!-- TC_0021_Regression_MGSClassic_Pickup_CurrentWOMwithNoupcharge_card -->
