<?xml version="1.0" encoding="UTF-8"?>
<!-- Generated by org.testng.reporters.JUnitXMLReporter -->
<testsuite hostname="TP-LAP0039" ignored="0" name="TC_0006_Regression_MGSClassic_Complimentary_SignUp" tests="1" failures="0" timestamp="07 Oct 2019 01:41:54 GMT" time="172.198" errors="0">
  <testcase name="ComplimentarySignUP" time="150.106" classname="com.MGSClassic_Execution_Classes.TC_0006_Regression_MGSClassic_Complimentary_SignUp"/>
</testsuite> <!-- TC_0006_Regression_MGSClassic_Complimentary_SignUp -->
