<?xml version="1.0" encoding="UTF-8"?>
<!-- Generated by org.testng.reporters.JUnitXMLReporter -->
<testsuite hostname="TP-LAP0039" ignored="0" name="TC_0004_Regression_RUI_SignUpMonthlyBARTENDER" tests="1" failures="0" timestamp="05 Oct 2019 19:24:22 GMT" time="150.65" errors="0">
  <testcase name="TC_004_Regression_RUI_SignUpMonthlyBARTENDER" time="50.962" classname="com.Restaurant_Execution_Classes.TC_0004_Regression_RUI_SignUpMonthlyBARTENDER"/>
</testsuite> <!-- TC_0004_Regression_RUI_SignUpMonthlyBARTENDER -->
