<?xml version="1.0" encoding="UTF-8"?>
<!-- Generated by org.testng.reporters.JUnitXMLReporter -->
<testsuite hostname="TP-LAP0039" ignored="0" name="TC_0093_Regression_RUI_Changefrom1to2bottlemembershipNextBillingCyclewithSERVER" tests="1" failures="0" timestamp="05 Oct 2019 21:19:18 GMT" time="164.319" errors="0">
  <testcase name="TC_0093_Regression_RUI_Changefrom1to2bottlemembershipNextBillingCyclewithSERVER" time="31.868" classname="com.Restaurant_Execution_Classes.TC_0093_Regression_RUI_Changefrom1to2bottlemembershipNextBillingCyclewithSERVER"/>
</testsuite> <!-- TC_0093_Regression_RUI_Changefrom1to2bottlemembershipNextBillingCyclewithSERVER -->
