<?xml version="1.0" encoding="UTF-8"?>
<!-- Generated by org.testng.reporters.JUnitXMLReporter -->
<testsuite hostname="TP-LAP0039" ignored="0" name="TC_0014_Regression_MGSLightning_Clear_DeclineStatus" tests="1" failures="0" timestamp="04 Oct 2019 11:56:51 GMT" time="184.377" errors="0">
  <testcase name="TC_0014_Regression_MGSLightning_Clear_DeclineStatus" time="146.287" classname="com.MGSLightning_Execution_Classes.TC_0014_Regression_MGSLightning_Clear_DeclineStatus"/>
</testsuite> <!-- TC_0014_Regression_MGSLightning_Clear_DeclineStatus -->
