<?xml version="1.0" encoding="UTF-8"?>
<!-- Generated by org.testng.reporters.JUnitXMLReporter -->
<testsuite hostname="TP-LAP0039" ignored="0" name="TC_0074_Regression_RUI_ChangedeliveryNextBillingCyclewithMANAGER" tests="1" failures="0" timestamp="05 Oct 2019 22:14:45 GMT" time="176.205" errors="0">
  <testcase name="TC_0074_Regression_RUI_ChangedeliveryNextBillingCyclewithMANAGER" time="31.782" classname="com.Restaurant_Execution_Classes.TC_0074_Regression_RUI_ChangedeliveryNextBillingCyclewithMANAGER"/>
</testsuite> <!-- TC_0074_Regression_RUI_ChangedeliveryNextBillingCyclewithMANAGER -->
