<?xml version="1.0" encoding="UTF-8"?>
<!-- Generated by org.testng.reporters.JUnitXMLReporter -->
<testsuite hostname="TP-LAP0039" ignored="0" name="TC_0045_Regression_RUI_MemberSignatureOptInwithSERVER" tests="1" failures="0" timestamp="05 Oct 2019 20:35:04 GMT" time="134.08" errors="0">
  <testcase name="TC_0045_Regression_RUI_MemberSignatureOptInwithSERVER" time="19.093" classname="com.Restaurant_Execution_Classes.TC_0045_Regression_RUI_MemberSignatureOptInwithSERVER"/>
</testsuite> <!-- TC_0045_Regression_RUI_MemberSignatureOptInwithSERVER -->
