<?xml version="1.0" encoding="UTF-8"?>
<!-- Generated by org.testng.reporters.JUnitXMLReporter -->
<testsuite hostname="TP-LAP0039" ignored="0" name="TC_0035_Regression_MGSClassic_Change2to1BottleMembership_NextBillingCycle" tests="1" failures="1" timestamp="07 Oct 2019 03:04:21 GMT" time="152.429" errors="0">
  <testcase name="TC_0035_Regression_MGSClassic_Change2to1BottleMembership_NextBillingCycle" time="74.922" classname="com.MGSClassic_Execution_Classes.TC_0035_Regression_MGSClassic_Change2to1BottleMembership_NextBillingCycle">
    <failure type="java.lang.Error" message="Unresolved compilation problem: 
	The method chargeNewCreditCard_StoreOnFile() is undefined for the type Page_MonthlyMembersEntry
">
      <![CDATA[java.lang.Error: Unresolved compilation problem: 
The method chargeNewCreditCard_StoreOnFile() is undefined for the type Page_MonthlyMembersEntry

at com.MGS.CommonPages.ClassicWCMemberValidationPage.changefrom2to1BottleNextBillingCycle(ClassicWCMemberValidationPage.java:1005)
at com.MGS.CommonPages.MGSPages.ClassicWCMemberValidationPage_changefrom2to1BottleNextBillingCycle(MGSPages.java:583)
at com.MGSClassic_Execution_Classes.TC_0035_Regression_MGSClassic_Change2to1BottleMembership_NextBillingCycle.TC_0035_Regression_MGSClassic_Change2to1BottleMembership_NextBillingCycle(TC_0035_Regression_MGSClassic_Change2to1BottleMembership_NextBillingCycle.java:54)
... Removed 25 stack frames]]>
    </failure>
  </testcase> <!-- TC_0035_Regression_MGSClassic_Change2to1BottleMembership_NextBillingCycle -->
</testsuite> <!-- TC_0035_Regression_MGSClassic_Change2to1BottleMembership_NextBillingCycle -->
