<?xml version="1.0" encoding="UTF-8"?>
<!-- Generated by org.testng.reporters.JUnitXMLReporter -->
<testsuite hostname="TP-LAP0039" ignored="0" name="TC_0098_Regression_RUI_Changefrom2to1bottlemembershipNextBillingCyclewithMANAGER" tests="1" failures="0" timestamp="05 Oct 2019 22:35:28 GMT" time="177.411" errors="0">
  <testcase name="TC_0098_Regression_RUI_Changefrom2to1bottlemembershipNextBillingCyclewithMANAGER" time="32.527" classname="com.Restaurant_Execution_Classes.TC_0098_Regression_RUI_Changefrom2to1bottlemembershipNextBillingCyclewithMANAGER"/>
</testsuite> <!-- TC_0098_Regression_RUI_Changefrom2to1bottlemembershipNextBillingCyclewithMANAGER -->
