<?xml version="1.0" encoding="UTF-8"?>
<!-- Generated by org.testng.reporters.JUnitXMLReporter -->
<testsuite hostname="TP-LAP0039" ignored="0" name="TC_0058_Regression_RUI_PickUpPriorWOMUpchargewithMANAGER" tests="1" failures="0" timestamp="05 Oct 2019 21:54:07 GMT" time="378.471" errors="0">
  <testcase name="TC_0058_Regression_RUI_PickUpPriorWOMUpchargewithMANAGER" time="242.088" classname="com.Restaurant_Execution_Classes.TC_0058_Regression_RUI_PickUpPriorWOMUpchargewithMANAGER"/>
</testsuite> <!-- TC_0058_Regression_RUI_PickUpPriorWOMUpchargewithMANAGER -->
