<?xml version="1.0" encoding="UTF-8"?>
<!-- Generated by org.testng.reporters.JUnitXMLReporter -->
<testsuite hostname="TP-LAP0039" ignored="0" name="TC_0037_Regression_MGSClassic_Add_Notes_NoteSection" tests="1" failures="0" timestamp="07 Oct 2019 03:10:32 GMT" time="186.487" errors="0">
  <testcase name="TC_0037_Regression_MGSClassic_Add_Notes_NoteSection" time="97.891" classname="com.MGSClassic_Execution_Classes.TC_0037_Regression_MGSClassic_Add_Notes_NoteSection"/>
</testsuite> <!-- TC_0037_Regression_MGSClassic_Add_Notes_NoteSection -->
