<?xml version="1.0" encoding="UTF-8"?>
<!-- Generated by org.testng.reporters.JUnitXMLReporter -->
<testsuite hostname="TP-LAP0039" ignored="0" name="TC_0077_Regression_RUI_ChangeClubtypeNextBillingcycleDecreasedcostwithSERVER" tests="1" failures="0" timestamp="05 Oct 2019 21:08:46 GMT" time="149.78" errors="0">
  <testcase name="TC_0077_Regression_RUI_ChangeClubtypeNextBillingcycleDecreasedcostwithSERVER" time="32.229" classname="com.Restaurant_Execution_Classes.TC_0077_Regression_RUI_ChangeClubtypeNextBillingcycleDecreasedcostwithSERVER"/>
</testsuite> <!-- TC_0077_Regression_RUI_ChangeClubtypeNextBillingcycleDecreasedcostwithSERVER -->
