<?xml version="1.0" encoding="UTF-8"?>
<!-- Generated by org.testng.reporters.JUnitXMLReporter -->
<testsuite hostname="TP-LAP0039" ignored="0" name="TC_0016_Regression_RUI_ChangecontactInformationwithBARTENDER" tests="1" failures="0" timestamp="05 Oct 2019 19:30:28 GMT" time="115.887" errors="0">
  <testcase name="TC_0016_Regression_RUI_ChangecontactInformationwithBARTENDER" time="21.26" classname="com.Restaurant_Execution_Classes.TC_0016_Regression_RUI_ChangecontactInformationwithBARTENDER"/>
</testsuite> <!-- TC_0016_Regression_RUI_ChangecontactInformationwithBARTENDER -->
