<?xml version="1.0" encoding="UTF-8"?>
<!-- Generated by org.testng.reporters.JUnitXMLReporter -->
<testsuite hostname="TP-LAP0039" ignored="0" name="TC_0001_Regression_MGSLightning_MonthlyMember_SignUp" tests="1" failures="0" timestamp="07 Oct 2019 07:28:18 GMT" time="459.01" errors="0">
  <testcase name="TC_0001_Regression_MGSLightning_MonthlyMember_SignUp" time="396.587" classname="com.MGSLightning_Execution_Classes.TC_0001_Regression_MGSLightning_MonthlyMember_SignUp"/>
</testsuite> <!-- TC_0001_Regression_MGSLightning_MonthlyMember_SignUp -->
