<?xml version="1.0" encoding="UTF-8"?>
<!-- Generated by org.testng.reporters.JUnitXMLReporter -->
<testsuite hostname="TP-LAP0039" ignored="0" name="TC_0005_Regression_RUI_SignUpMonthlySERVER" tests="1" failures="0" timestamp="05 Oct 2019 20:21:50 GMT" time="161.885" errors="0">
  <testcase name="TC_005_Regression_RUI_SignUpMonthlySERVER" time="44.896" classname="com.Restaurant_Execution_Classes.TC_0005_Regression_RUI_SignUpMonthlySERVER"/>
</testsuite> <!-- TC_0005_Regression_RUI_SignUpMonthlySERVER -->
