<?xml version="1.0" encoding="UTF-8"?>
<!-- Generated by org.testng.reporters.JUnitXMLReporter -->
<testsuite hostname="TP-LAP0039" ignored="0" name="TC_0042_Regression_RUI_CantAddLoyaltyPointswithSERVER" tests="1" failures="0" timestamp="05 Oct 2019 20:37:31 GMT" time="147.649" errors="0">
  <testcase name="TC_0042_Regression_RUI_CantAddLoyaltyPointswithSERVER" time="31.949" classname="com.Restaurant_Execution_Classes.TC_0042_Regression_RUI_CantAddLoyaltyPointswithSERVER"/>
</testsuite> <!-- TC_0042_Regression_RUI_CantAddLoyaltyPointswithSERVER -->
