<?xml version="1.0" encoding="UTF-8"?>
<!-- Generated by org.testng.reporters.JUnitXMLReporter -->
<testsuite hostname="TP-LAP0039" ignored="0" name="TC_0012_Regression_RUI_ActivateGiftwithBARTENDER" tests="1" failures="0" timestamp="05 Oct 2019 19:28:32 GMT" time="125.146" errors="0">
  <testcase name="TC_0012_Regression_RUI_ActivateGiftwithBARTENDER" time="75.573" classname="com.Restaurant_Execution_Classes.TC_0012_Regression_RUI_ActivateGiftwithBARTENDER"/>
</testsuite> <!-- TC_0012_Regression_RUI_ActivateGiftwithBARTENDER -->
