<?xml version="1.0" encoding="UTF-8"?>
<!-- Generated by org.testng.reporters.JUnitXMLReporter -->
<testsuite hostname="TP-LAP0039" ignored="0" name="TC_0095_Regression_RUI_Changefrom2to1bottlemembershipNextBillingCycletwithTRA" tests="1" failures="0" timestamp="05 Oct 2019 19:17:32 GMT" time="153.523" errors="0">
  <testcase name="TC_0095_Regression_RUI_Changefrom2to1bottlemembershipNextBillingCycletwithTRA" time="46.158" classname="com.Restaurant_Execution_Classes.TC_0095_Regression_RUI_Changefrom2to1bottlemembershipNextBillingCycletwithTRA"/>
</testsuite> <!-- TC_0095_Regression_RUI_Changefrom2to1bottlemembershipNextBillingCycletwithTRA -->
