<?xml version="1.0" encoding="UTF-8"?>
<!-- Generated by org.testng.reporters.JUnitXMLReporter -->
<testsuite hostname="TP-LAP0039" ignored="0" name="TC_0126_Regression_RUI_ConvertgiftmembershipafterexpiringwithManager" tests="1" failures="0" timestamp="02 Oct 2019 14:28:56 GMT" time="61.184" errors="0">
  <testcase name="TC_0126_Regression_RUI_ConvertgiftmembershipafterexpiringwithManager" time="9.176" classname="com.Restaurant_Execution_Classes.TC_0126_Regression_RUI_ConvertgiftmembershipafterexpiringwithManager"/>
</testsuite> <!-- TC_0126_Regression_RUI_ConvertgiftmembershipafterexpiringwithManager -->
