<?xml version="1.0" encoding="UTF-8"?>
<!-- Generated by org.testng.reporters.JUnitXMLReporter -->
<testsuite hostname="TP-LAP0039" ignored="0" name="TC_0083_Regression_RUI_Changefrom1to2bottlemembershipImmediatelytwithTRA" tests="1" failures="0" timestamp="05 Oct 2019 19:10:15 GMT" time="112.8" errors="0">
  <testcase name="TC_0083_Regression_RUI_Changefrom1to2bottlemembershipImmediatelytwithTRA" time="17.02" classname="com.Restaurant_Execution_Classes.TC_0083_Regression_RUI_Changefrom1to2bottlemembershipImmediatelytwithTRA"/>
</testsuite> <!-- TC_0083_Regression_RUI_Changefrom1to2bottlemembershipImmediatelytwithTRA -->
