<?xml version="1.0" encoding="UTF-8"?>
<!-- Generated by org.testng.reporters.JUnitXMLReporter -->
<testsuite hostname="TP-LAP0039" ignored="0" name="TC_0026_Regression_RUI_AddNoteswithMANAGER" tests="1" failures="0" timestamp="05 Oct 2019 21:39:43 GMT" time="165.162" errors="0">
  <testcase name="TC_0026_Regression_RUI_AddNoteswithMANAGER" time="20.96" classname="com.Restaurant_Execution_Classes.TC_0026_Regression_RUI_AddNoteswithMANAGER"/>
</testsuite> <!-- TC_0026_Regression_RUI_AddNoteswithMANAGER -->
