<?xml version="1.0" encoding="UTF-8"?>
<!-- Generated by org.testng.reporters.JUnitXMLReporter -->
<testsuite hostname="TP-LAP0039" ignored="0" name="TC_0008_Regression_RUI_SignUpGiftBARTENDER" tests="1" failures="0" timestamp="05 Oct 2019 19:26:27 GMT" time="124.099" errors="0">
  <testcase name="TC_008_Regression_RUI_SignUpGiftBARTENDER" time="75.247" classname="com.Restaurant_Execution_Classes.TC_0008_Regression_RUI_SignUpGiftBARTENDER"/>
</testsuite> <!-- TC_0008_Regression_RUI_SignUpGiftBARTENDER -->
