<?xml version="1.0" encoding="UTF-8"?>
<!-- Generated by org.testng.reporters.JUnitXMLReporter -->
<testsuite hostname="TP-LAP0039" ignored="0" name="TC_0038_Regression_MGSClassic_Cancel_Membership" tests="1" failures="0" timestamp="07 Oct 2019 03:13:35 GMT" time="183.549" errors="0">
  <testcase name="TC_0038_Regression_MGSClassic_Cancel_Membership" time="90.425" classname="com.MGSClassic_Execution_Classes.TC_0038_Regression_MGSClassic_Cancel_Membership"/>
</testsuite> <!-- TC_0038_Regression_MGSClassic_Cancel_Membership -->
