<?xml version="1.0" encoding="UTF-8"?>
<!-- Generated by org.testng.reporters.JUnitXMLReporter -->
<testsuite hostname="TP-LAP0039" ignored="0" name="TC_0108_Regression_RUI_Swap2WOMsfor1LuxwithBARTENDER" tests="1" failures="0" timestamp="05 Oct 2019 19:53:08 GMT" time="509.492" errors="0">
  <testcase name="TC_0108_Regression_RUI_Swap2WOMsfor1LuxwithBARTENDER" time="412.194" classname="com.Restaurant_Execution_Classes.TC_0108_Regression_RUI_Swap2WOMsfor1LuxwithBARTENDER"/>
</testsuite> <!-- TC_0108_Regression_RUI_Swap2WOMsfor1LuxwithBARTENDER -->
