<?xml version="1.0" encoding="UTF-8"?>
<!-- Generated by org.testng.reporters.JUnitXMLReporter -->
<testsuite hostname="TP-LAP0039" ignored="0" name="TC_0024_Regression_MGS_Swap_2WOMsfor1Lux" tests="1" failures="0" timestamp="07 Oct 2019 02:27:31 GMT" time="271.271" errors="0">
  <testcase name="TC_0024_Regression_MGS_Swap_2WOMsfor1Lux" time="179.126" classname="com.MGSClassic_Execution_Classes.TC_0024_Regression_MGS_Swap_2WOMsfor1Lux"/>
</testsuite> <!-- TC_0024_Regression_MGS_Swap_2WOMsfor1Lux -->
