<?xml version="1.0" encoding="UTF-8"?>
<!-- Generated by org.testng.reporters.JUnitXMLReporter -->
<testsuite hostname="TP-LAP0039" ignored="0" name="TC_0033_Regression_MGSClassic_Change2to1BottleMembership_Immediately" tests="1" failures="1" timestamp="07 Oct 2019 02:58:19 GMT" time="268.086" errors="0">
  <testcase name="TC_0033_Regression_MGSClassic_Change2to1BottleMembership_Immediately" time="149.472" classname="com.MGSClassic_Execution_Classes.TC_0033_Regression_MGSClassic_Change2to1BottleMembership_Immediately">
    <failure type="java.lang.Error" message="Unresolved compilation problem: 
	The method chargeNewCreditCard_StoreOnFile() is undefined for the type Page_MonthlyMembersEntry
">
      <![CDATA[java.lang.Error: Unresolved compilation problem: 
The method chargeNewCreditCard_StoreOnFile() is undefined for the type Page_MonthlyMembersEntry

at com.MGS.CommonPages.ClassicWCMemberValidationPage.changefrom2to1BottleImmediately(ClassicWCMemberValidationPage.java:985)
at com.MGS.CommonPages.MGSPages.ClassicWCMemberValidationPage_changefrom2to1BottleImmediately(MGSPages.java:578)
at com.MGSClassic_Execution_Classes.TC_0033_Regression_MGSClassic_Change2to1BottleMembership_Immediately.TC_0033_Regression_MGSClassic_Change2to1BottleMembership_Immediately(TC_0033_Regression_MGSClassic_Change2to1BottleMembership_Immediately.java:54)
... Removed 25 stack frames]]>
    </failure>
  </testcase> <!-- TC_0033_Regression_MGSClassic_Change2to1BottleMembership_Immediately -->
</testsuite> <!-- TC_0033_Regression_MGSClassic_Change2to1BottleMembership_Immediately -->
