<?xml version="1.0" encoding="UTF-8"?>
<!-- Generated by org.testng.reporters.JUnitXMLReporter -->
<testsuite hostname="TP-LAP0039" ignored="0" name="TC_0057_Regression_RUI_PickUpPriorWOMUpchargewithSERVER" tests="1" failures="0" timestamp="05 Oct 2019 20:43:31 GMT" time="359.311" errors="0">
  <testcase name="TC_0057_Regression_RUI_PickUpPriorWOMUpchargewithSERVER" time="240.663" classname="com.Restaurant_Execution_Classes.TC_0057_Regression_RUI_PickUpPriorWOMUpchargewithSERVER"/>
</testsuite> <!-- TC_0057_Regression_RUI_PickUpPriorWOMUpchargewithSERVER -->
