<?xml version="1.0" encoding="UTF-8"?>
<!-- Generated by org.testng.reporters.JUnitXMLReporter -->
<testsuite hostname="TP-LAP0039" ignored="0" name="TC_0014_Regression_RUI_ActivateGiftwithMANAGER" tests="1" failures="0" timestamp="05 Oct 2019 21:34:21 GMT" time="132.96" errors="0">
  <testcase name="TC_0014_Regression_RUI_ActivateGiftwithMANAGER" time="74.837" classname="com.Restaurant_Execution_Classes.TC_0014_Regression_RUI_ActivateGiftwithMANAGER"/>
</testsuite> <!-- TC_0014_Regression_RUI_ActivateGiftwithMANAGER -->
