<?xml version="1.0" encoding="UTF-8"?>
<!-- Generated by org.testng.reporters.JUnitXMLReporter -->
<testsuite hostname="TP-LAP0039" ignored="0" name="TC_0055_Regression_RUI_PickUpPriorWOMUpchargewithTRA" tests="1" failures="0" timestamp="05 Oct 2019 18:42:59 GMT" time="275.873" errors="0">
  <testcase name="TC_0055_Regression_RUI_PickUpPriorWOMUpchargewithTRA" time="173.745" classname="com.Restaurant_Execution_Classes.TC_0055_Regression_RUI_PickUpPriorWOMUpchargewithTRA"/>
</testsuite> <!-- TC_0055_Regression_RUI_PickUpPriorWOMUpchargewithTRA -->
