<?xml version="1.0" encoding="UTF-8"?>
<!-- Generated by org.testng.reporters.JUnitXMLReporter -->
<testsuite hostname="TP-LAP0039" ignored="0" name="TC_0041_Regression_RUI_CantAddLoyaltyPointswithBARTENDER" tests="1" failures="0" timestamp="05 Oct 2019 19:38:53 GMT" time="133.936" errors="0">
  <testcase name="TC_0041_Regression_RUI_CantAddLoyaltyPointswithBARTENDER" time="31.626" classname="com.Restaurant_Execution_Classes.TC_0041_Regression_RUI_CantAddLoyaltyPointswithBARTENDER"/>
</testsuite> <!-- TC_0041_Regression_RUI_CantAddLoyaltyPointswithBARTENDER -->
