<?xml version="1.0" encoding="UTF-8"?>
<!-- Generated by org.testng.reporters.JUnitXMLReporter -->
<testsuite hostname="TP-LAP0039" ignored="0" name="TC_0024_Regression_RUI_AddNoteswithBARTENDER" tests="1" failures="0" timestamp="05 Oct 2019 19:32:27 GMT" time="118.907" errors="0">
  <testcase name="TC_0024_Regression_RUI_AddNoteswithBARTENDER" time="18.43" classname="com.Restaurant_Execution_Classes.TC_0024_Regression_RUI_AddNoteswithBARTENDER"/>
</testsuite> <!-- TC_0024_Regression_RUI_AddNoteswithBARTENDER -->
