<?xml version="1.0" encoding="UTF-8"?>
<!-- Generated by org.testng.reporters.JUnitXMLReporter -->
<testsuite hostname="TP-LAP0039" ignored="0" name="TC_0114_Regression_RUI_ExtendgiftmembershipbeforeexpiringwithManager" tests="1" failures="0" timestamp="05 Oct 2019 22:36:59 GMT" time="90.77" errors="0">
  <testcase name="TC_0114_Regression_RUI_ExtendgiftmembershipbeforeexpiringwithManager" time="23.214" classname="com.Restaurant_Execution_Classes.TC_0114_Regression_RUI_ExtendgiftmembershipbeforeexpiringwithManager"/>
</testsuite> <!-- TC_0114_Regression_RUI_ExtendgiftmembershipbeforeexpiringwithManager -->
