<?xml version="1.0" encoding="UTF-8"?>
<!-- Generated by org.testng.reporters.JUnitXMLReporter -->
<testsuite hostname="TP-LAP0039" ignored="0" name="TC_0120_Regression_RUI_ConvertgiftmembershipbeforeexpiringwithBartender" tests="1" failures="0" timestamp="02 Oct 2019 13:42:22 GMT" time="1266.827" errors="0">
  <testcase name="TC_0120_Regression_RUI_ConvertgiftmembershipbeforeexpiringwithBartender" time="1214.952" classname="com.Restaurant_Execution_Classes.TC_0120_Regression_RUI_ConvertgiftmembershipbeforeexpiringwithBartender"/>
</testsuite> <!-- TC_0120_Regression_RUI_ConvertgiftmembershipbeforeexpiringwithBartender -->
