<?xml version="1.0" encoding="UTF-8"?>
<!-- Generated by org.testng.reporters.JUnitXMLReporter -->
<testsuite hostname="TP-LAP0039" ignored="0" name="TC_0088_Regression_RUI_Changefrom2to1bottlemembershipImmediatelywithBARTENDER" tests="1" failures="0" timestamp="05 Oct 2019 20:07:17 GMT" time="135.904" errors="0">
  <testcase name="TC_0088_Regression_RUI_Changefrom2to1bottlemembershipImmediatelywithBARTENDER" time="32.318" classname="com.Restaurant_Execution_Classes.TC_0088_Regression_RUI_Changefrom2to1bottlemembershipImmediatelywithBARTENDER"/>
</testsuite> <!-- TC_0088_Regression_RUI_Changefrom2to1bottlemembershipImmediatelywithBARTENDER -->
