<?xml version="1.0" encoding="UTF-8"?>
<!-- Generated by org.testng.reporters.JUnitXMLReporter -->
<testsuite hostname="TP-LAP0039" ignored="0" name="TC_0030_Regression_MGSLightning_ChangeClubTypeNextBillingCycle_IncreasedCost" tests="1" failures="1" timestamp="07 Oct 2019 08:54:45 GMT" time="151.75" errors="0">
  <testcase name="TC_0029_Regression_MGSClassic_ChangeClubTypeNextBillingCycle_IncreasedCost" time="77.219" classname="com.MGSLightning_Execution_Classes.TC_0030_Regression_MGSLightning_ChangeClubTypeNextBillingCycle_IncreasedCost">
    <failure type="java.lang.Error" message="Unresolved compilation problem: 
	The method changeWCInfoClubTypeIncreasedCostNextBillingCycle(int) in the type LightningWCMemberValidationPage is not applicable for the arguments ()
">
      <![CDATA[java.lang.Error: Unresolved compilation problem: 
The method changeWCInfoClubTypeIncreasedCostNextBillingCycle(int) in the type LightningWCMemberValidationPage is not applicable for the arguments ()

at com.MGS.CommonPages.LightningWCMemberValidationPage.changeclubTypeNextBillingCycleIncreasedCost(LightningWCMemberValidationPage.java:2488)
at com.MGS.CommonPages.MGSPages.LightningWCMemberValidationPage_changeclubTypeNextBillingCycleIncreasedCost(MGSPages.java:517)
at com.MGSLightning_Execution_Classes.TC_0030_Regression_MGSLightning_ChangeClubTypeNextBillingCycle_IncreasedCost.TC_0029_Regression_MGSClassic_ChangeClubTypeNextBillingCycle_IncreasedCost(TC_0030_Regression_MGSLightning_ChangeClubTypeNextBillingCycle_IncreasedCost.java:54)
... Removed 25 stack frames]]>
    </failure>
  </testcase> <!-- TC_0029_Regression_MGSClassic_ChangeClubTypeNextBillingCycle_IncreasedCost -->
</testsuite> <!-- TC_0030_Regression_MGSLightning_ChangeClubTypeNextBillingCycle_IncreasedCost -->
