<?xml version="1.0" encoding="UTF-8"?>
<!-- Generated by org.testng.reporters.JUnitXMLReporter -->
<testsuite hostname="TP-LAP0039" ignored="0" name="TC_0080_Regression_RUI_ChangeClubtypeNextBillingcycleIncreasedcostwithBARTNEDER" tests="1" failures="0" timestamp="05 Oct 2019 20:02:37 GMT" time="140.448" errors="0">
  <testcase name="TC_0080_Regression_RUI_ChangeClubtypeNextBillingcycleIncreasedcostwithBARTNEDER" time="32.543" classname="com.Restaurant_Execution_Classes.TC_0080_Regression_RUI_ChangeClubtypeNextBillingcycleIncreasedcostwithBARTNEDER"/>
</testsuite> <!-- TC_0080_Regression_RUI_ChangeClubtypeNextBillingcycleIncreasedcostwithBARTNEDER -->
