<?xml version="1.0" encoding="UTF-8"?>
<!-- Generated by org.testng.reporters.JUnitXMLReporter -->
<testsuite hostname="TP-LAP0039" ignored="0" name="TC_0112_Regression_RUI_ExtendgiftmembershipbeforeexpiringwithBartender" tests="1" failures="0" timestamp="05 Oct 2019 20:15:33 GMT" time="74.95" errors="0">
  <testcase name="TC_0112_Regression_RUI_ExtendgiftmembershipbeforeexpiringwithBartender" time="22.778" classname="com.Restaurant_Execution_Classes.TC_0112_Regression_RUI_ExtendgiftmembershipbeforeexpiringwithBartender"/>
</testsuite> <!-- TC_0112_Regression_RUI_ExtendgiftmembershipbeforeexpiringwithBartender -->
