<?xml version="1.0" encoding="UTF-8"?>
<!-- Generated by org.testng.reporters.JUnitXMLReporter -->
<testsuite hostname="TP-LAP0039" ignored="0" name="TC_0031_Regression_RUI_UpdateWCCardNumberwithTRA" tests="1" failures="0" timestamp="01 Oct 2019 10:10:49 GMT" time="0.006" errors="0">
  <testcase name="@BeforeTest Beforetest" time="0.004" classname="com.Restaurant_Execution_Classes.TC_0031_Regression_RUI_UpdateWCCardNumberwithTRA">
    <failure type="java.lang.NullPointerException">
      <![CDATA[java.lang.NullPointerException
at com.Utils.ExcelConnection.columnDictionary(ExcelConnection.java:136)
at com.Restaurant.PageData.Restaurant_SignUpPagedata.<init>(Restaurant_SignUpPagedata.java:23)
at com.Restaurant_Execution_Classes.TC_0031_Regression_RUI_UpdateWCCardNumberwithTRA.Beforetest(TC_0031_Regression_RUI_UpdateWCCardNumberwithTRA.java:39)
... Removed 24 stack frames]]>
    </failure>
  </testcase> <!-- @BeforeTest Beforetest -->
  <testcase name="@AfterTest CloseBroswer" time="0.0" classname="com.Restaurant_Execution_Classes.TC_0031_Regression_RUI_UpdateWCCardNumberwithTRA">
    <skipped/>
  </testcase> <!-- @AfterTest CloseBroswer -->
  <testcase name="TC_0031_Regression_RUI_UpdateWCCardNumberwithTRA" time="0.0" classname="com.Restaurant_Execution_Classes.TC_0031_Regression_RUI_UpdateWCCardNumberwithTRA">
    <skipped/>
  </testcase> <!-- TC_0031_Regression_RUI_UpdateWCCardNumberwithTRA -->
</testsuite> <!-- TC_0031_Regression_RUI_UpdateWCCardNumberwithTRA -->
