<?xml version="1.0" encoding="UTF-8"?>
<!-- Generated by org.testng.reporters.JUnitXMLReporter -->
<testsuite hostname="TP-LAP0039" ignored="0" name="TC_0096_Regression_RUI_Changefrom2to1bottlemembershipNextBillingCyclewithBARTENDER" tests="1" failures="0" timestamp="05 Oct 2019 20:14:18 GMT" time="139.438" errors="0">
  <testcase name="TC_0096_Regression_RUI_Changefrom2to1bottlemembershipNextBillingCyclewithBARTENDER" time="32.215" classname="com.Restaurant_Execution_Classes.TC_0096_Regression_RUI_Changefrom2to1bottlemembershipNextBillingCyclewithBARTENDER"/>
</testsuite> <!-- TC_0096_Regression_RUI_Changefrom2to1bottlemembershipNextBillingCyclewithBARTENDER -->
