<?xml version="1.0" encoding="UTF-8"?>
<!-- Generated by org.testng.reporters.JUnitXMLReporter -->
<testsuite hostname="TP-LAP0039" ignored="0" name="TC_0026_Regression_MGSClassic_convertGifttoMonthlyMembershipafterExpiry" tests="1" failures="0" timestamp="07 Oct 2019 02:34:55 GMT" time="221.722" errors="0">
  <testcase name="TC_0026_Regression_MGSClassic_convertGifttoMonthlyMembershipafterExpiry" time="140.252" classname="com.MGSClassic_Execution_Classes.TC_0026_Regression_MGSClassic_convertGifttoMonthlyMembershipafterExpiry"/>
</testsuite> <!-- TC_0026_Regression_MGSClassic_convertGifttoMonthlyMembershipafterExpiry -->
