<?xml version="1.0" encoding="UTF-8"?>
<!-- Generated by org.testng.reporters.JUnitXMLReporter -->
<testsuite hostname="TP-LAP0039" ignored="0" name="TC_0005_Regression_MGSLightning_CoopersHawkCares_SignUp" tests="1" failures="0" timestamp="07 Oct 2019 07:53:18 GMT" time="168.577" errors="0">
  <testcase name="TC_0005_Regression_MGSLightning_CoopersHawkCares_SignUp" time="152.789" classname="com.MGSLightning_Execution_Classes.TC_0005_Regression_MGSLightning_CoopersHawkCares_SignUp"/>
</testsuite> <!-- TC_0005_Regression_MGSLightning_CoopersHawkCares_SignUp -->
