<?xml version="1.0" encoding="UTF-8"?>
<!-- Generated by org.testng.reporters.JUnitXMLReporter -->
<testsuite hostname="TP-LAP0039" ignored="0" name="TC_0007_Regression_MGSLightning_Monthly_Activate" tests="2" failures="0" timestamp="07 Oct 2019 08:04:22 GMT" time="259.215" errors="0">
  <testcase name="TC_0007_Regression_MGSLightning_Monthly_Activate" time="197.981" classname="com.MGSLightning_Execution_Classes.TC_0007_Regression_MGSLightning_Monthly_Activate"/>
  <testcase name="testB" time="0.001" classname="com.MGSLightning_Execution_Classes.Test1"/>
</testsuite> <!-- TC_0007_Regression_MGSLightning_Monthly_Activate -->
