<?xml version="1.0" encoding="UTF-8"?>
<!-- Generated by org.testng.reporters.JUnitXMLReporter -->
<testsuite hostname="TP-LAP0039" ignored="0" name="TC_0013_Regression_RUI_ActivateGiftwithSERVER" tests="1" failures="0" timestamp="05 Oct 2019 20:26:14 GMT" time="127.74" errors="0">
  <testcase name="TC_0013_Regression_RUI_ActivateGiftwithSERVER" time="75.135" classname="com.Restaurant_Execution_Classes.TC_0013_Regression_RUI_ActivateGiftwithSERVER"/>
</testsuite> <!-- TC_0013_Regression_RUI_ActivateGiftwithSERVER -->
