<?xml version="1.0" encoding="UTF-8"?>
<!-- Generated by org.testng.reporters.JUnitXMLReporter -->
<testsuite hostname="TP-LAP0039" ignored="0" name="TC_0085_Regression_RUI_Changefrom1to2bottlemembershipImmediatelywithSERVER" tests="1" failures="0" timestamp="05 Oct 2019 21:13:52 GMT" time="153.002" errors="0">
  <testcase name="TC_0085_Regression_RUI_Changefrom1to2bottlemembershipImmediatelywithSERVER" time="31.575" classname="com.Restaurant_Execution_Classes.TC_0085_Regression_RUI_Changefrom1to2bottlemembershipImmediatelywithSERVER"/>
</testsuite> <!-- TC_0085_Regression_RUI_Changefrom1to2bottlemembershipImmediatelywithSERVER -->
