<?xml version="1.0" encoding="UTF-8"?>
<!-- Generated by org.testng.reporters.JUnitXMLReporter -->
<testsuite hostname="TP-LAP0039" ignored="0" name="TC_0056_Regression_RUI_PickUpPriorWOMUpchargewithBARTENDER" tests="1" failures="0" timestamp="05 Oct 2019 19:44:38 GMT" time="344.972" errors="0">
  <testcase name="TC_0056_Regression_RUI_PickUpPriorWOMUpchargewithBARTENDER" time="241.121" classname="com.Restaurant_Execution_Classes.TC_0056_Regression_RUI_PickUpPriorWOMUpchargewithBARTENDER"/>
</testsuite> <!-- TC_0056_Regression_RUI_PickUpPriorWOMUpchargewithBARTENDER -->
