<?xml version="1.0" encoding="UTF-8"?>
<!-- Generated by org.testng.reporters.JUnitXMLReporter -->
<testsuite hostname="TP-LAP0039" ignored="0" name="TC_0104_Regression_RUI_NotAbletoMarkOffTastingwithBARTENDER" tests="1" failures="0" timestamp="05 Oct 2019 19:55:16 GMT" time="127.676" errors="0">
  <testcase name="TC_0104_Regression_RUI_NotAbletoMarkOffTastingwithBARTENDER" time="17.38" classname="com.Restaurant_Execution_Classes.TC_0104_Regression_RUI_NotAbletoMarkOffTastingwithBARTENDER"/>
</testsuite> <!-- TC_0104_Regression_RUI_NotAbletoMarkOffTastingwithBARTENDER -->
