<?xml version="1.0" encoding="UTF-8"?>
<!-- Generated by org.testng.reporters.JUnitXMLReporter -->
<testsuite hostname="TP-LAP0039" ignored="0" name="TC_0008_Regression_MGSLightning_Gift_Activate" tests="1" failures="0" timestamp="04 Oct 2019 11:51:19 GMT" time="260.756" errors="0">
  <testcase name="TC_0008_Regression_MGSLightning_Gift_Activate" time="196.525" classname="com.MGSLightning_Execution_Classes.TC_0008_Regression_MGSLightning_Gift_Activate"/>
</testsuite> <!-- TC_0008_Regression_MGSLightning_Gift_Activate -->
