<?xml version="1.0" encoding="UTF-8"?>
<!-- Generated by org.testng.reporters.JUnitXMLReporter -->
<testsuite hostname="TP-LAP0039" ignored="0" name="TC_0002_Regression_MGSLightning_GiftMember_SignUp" tests="1" failures="0" timestamp="07 Oct 2019 07:36:04 GMT" time="465.856" errors="0">
  <testcase name="TC_0002_Regression_MGSLightning_GiftMember_SignUp" time="391.849" classname="com.MGSLightning_Execution_Classes.TC_0002_Regression_MGSLightning_GiftMember_SignUp"/>
</testsuite> <!-- TC_0002_Regression_MGSLightning_GiftMember_SignUp -->
