<?xml version="1.0" encoding="UTF-8"?>
<!-- Generated by org.testng.reporters.JUnitXMLReporter -->
<testsuite hostname="TP-LAP0039" ignored="0" name="TC_0090_Regression_RUI_Changefrom2to1bottlemembershipImmediatelywithMANAGER" tests="1" failures="0" timestamp="05 Oct 2019 22:29:32 GMT" time="190.582" errors="0">
  <testcase name="TC_0090_Regression_RUI_Changefrom2to1bottlemembershipImmediatelywithMANAGER" time="49.028" classname="com.Restaurant_Execution_Classes.TC_0090_Regression_RUI_Changefrom2to1bottlemembershipImmediatelywithMANAGER"/>
</testsuite> <!-- TC_0090_Regression_RUI_Changefrom2to1bottlemembershipImmediatelywithMANAGER -->
