<?xml version="1.0" encoding="UTF-8"?>
<!-- Generated by org.testng.reporters.JUnitXMLReporter -->
<testsuite hostname="TP-LAP0039" ignored="0" name="TC_0008_Regression_MGSClassic_Gift_Activate" tests="1" failures="0" timestamp="07 Oct 2019 01:47:01 GMT" time="157.07" errors="0">
  <testcase name="TC_0008_Regression_MGS_Gift_Activate" time="91.1" classname="com.MGSClassic_Execution_Classes.TC_0008_Regression_MGSClassic_Gift_Activate"/>
</testsuite> <!-- TC_0008_Regression_MGSClassic_Gift_Activate -->
