<?xml version="1.0" encoding="UTF-8"?>
<!-- Generated by org.testng.reporters.JUnitXMLReporter -->
<testsuite hostname="TP-LAP0039" ignored="0" name="TC_0082_Regression_RUI_ChangeClubtypeNextBillingcycleIncreasedcostwithMANAGER" tests="1" failures="0" timestamp="05 Oct 2019 22:23:28 GMT" time="173.716" errors="0">
  <testcase name="TC_0082_Regression_RUI_ChangeClubtypeNextBillingcycleIncreasedcostwithMANAGER" time="32.935" classname="com.Restaurant_Execution_Classes.TC_0082_Regression_RUI_ChangeClubtypeNextBillingcycleIncreasedcostwithMANAGER"/>
</testsuite> <!-- TC_0082_Regression_RUI_ChangeClubtypeNextBillingcycleIncreasedcostwithMANAGER -->
