<?xml version="1.0" encoding="UTF-8"?>
<!-- Generated by org.testng.reporters.JUnitXMLReporter -->
<testsuite hostname="TP-LAP0039" ignored="0" name="TC_0022_Regression_RUI_CancelMembershipwithMANAGER" tests="1" failures="0" timestamp="05 Oct 2019 22:41:26 GMT" time="184.174" errors="0">
  <testcase name="TC_0022_Regression_RUI_CancelMembershipwithMANAGER" time="33.588" classname="com.Restaurant_Execution_Classes.TC_0022_Regression_RUI_CancelMembershipwithMANAGER"/>
</testsuite> <!-- TC_0022_Regression_RUI_CancelMembershipwithMANAGER -->
