<?xml version="1.0" encoding="UTF-8"?>
<!-- Generated by org.testng.reporters.JUnitXMLReporter -->
<testsuite hostname="TP-LAP0039" ignored="0" name="TC_0036_Regression_MGSClassic_Replace_PersonalizedWCCard" tests="1" failures="0" timestamp="07 Oct 2019 03:07:25 GMT" time="183.449" errors="0">
  <testcase name="TC_0036_Regression_MGSClassic_Replace_PersonalizedWCCard" time="96.574" classname="com.MGSClassic_Execution_Classes.TC_0036_Regression_MGSClassic_Replace_PersonalizedWCCard"/>
</testsuite> <!-- TC_0036_Regression_MGSClassic_Replace_PersonalizedWCCard -->
