<?xml version="1.0" encoding="UTF-8"?>
<!-- Generated by org.testng.reporters.JUnitXMLReporter -->
<testsuite hostname="TP-LAP0039" ignored="0" name="TC_0011_Regression_RUI_ActivateGiftwithTRA" tests="1" failures="0" timestamp="05 Oct 2019 18:28:56 GMT" time="120.004" errors="0">
  <testcase name="TC_0011_Regression_RUI_ActivateGiftwithTRA" time="76.91" classname="com.Restaurant_Execution_Classes.TC_0011_Regression_RUI_ActivateGiftwithTRA"/>
</testsuite> <!-- TC_0011_Regression_RUI_ActivateGiftwithTRA -->
