<?xml version="1.0" encoding="UTF-8"?>
<!-- Generated by org.testng.reporters.JUnitXMLReporter -->
<testsuite hostname="TP-LAP0039" ignored="0" name="TC_0016_Regression_MGSClassic_Add_LoyaltyPoints" tests="1" failures="0" timestamp="07 Oct 2019 01:59:07 GMT" time="162.801" errors="0">
  <testcase name="TC_0016_Regression_MGS_Add_LoyaltyPoints" time="100.214" classname="com.MGSClassic_Execution_Classes.TC_0016_Regression_MGSClassic_Add_LoyaltyPoints"/>
</testsuite> <!-- TC_0016_Regression_MGSClassic_Add_LoyaltyPoints -->
