<?xml version="1.0" encoding="UTF-8"?>
<!-- Generated by org.testng.reporters.JUnitXMLReporter -->
<testsuite hostname="TP-LAP0039" ignored="0" name="TC_0015_Regression_RUI_ChangecontactInformationwithTRA" tests="1" failures="0" timestamp="05 Oct 2019 18:30:38 GMT" time="102.423" errors="0">
  <testcase name="TC_0015_Regression_RUI_ChangecontactInformationwithTRA" time="20.681" classname="com.Restaurant_Execution_Classes.TC_0015_Regression_RUI_ChangecontactInformationwithTRA"/>
</testsuite> <!-- TC_0015_Regression_RUI_ChangecontactInformationwithTRA -->
