<?xml version="1.0" encoding="UTF-8"?>
<!-- Generated by org.testng.reporters.JUnitXMLReporter -->
<testsuite hostname="TP-LAP0039" ignored="0" name="TC_0076_Regression_RUI_ChangeClubtypeNextBillingcycleDecreasedcostwithBARTENDER" tests="1" failures="0" timestamp="05 Oct 2019 20:00:17 GMT" time="139.677" errors="0">
  <testcase name="TC_0076_Regression_RUI_ChangeClubtypeNextBillingcycleDecreasedcostwithBARTENDER" time="35.469" classname="com.Restaurant_Execution_Classes.TC_0076_Regression_RUI_ChangeClubtypeNextBillingcycleDecreasedcostwithBARTENDER"/>
</testsuite> <!-- TC_0076_Regression_RUI_ChangeClubtypeNextBillingcycleDecreasedcostwithBARTENDER -->
