<?xml version="1.0" encoding="UTF-8"?>
<!-- Generated by org.testng.reporters.JUnitXMLReporter -->
<testsuite hostname="TP-LAP0039" ignored="0" name="TC_0089_Regression_RUI_Changefrom2to1bottlemembershipImmediatelywithSERVER" tests="1" failures="0" timestamp="05 Oct 2019 21:16:34 GMT" time="161.723" errors="0">
  <testcase name="TC_0089_Regression_RUI_Changefrom2to1bottlemembershipImmediatelywithSERVER" time="32.024" classname="com.Restaurant_Execution_Classes.TC_0089_Regression_RUI_Changefrom2to1bottlemembershipImmediatelywithSERVER"/>
</testsuite> <!-- TC_0089_Regression_RUI_Changefrom2to1bottlemembershipImmediatelywithSERVER -->
