<?xml version="1.0" encoding="UTF-8"?>
<!-- Generated by org.testng.reporters.JUnitXMLReporter -->
<testsuite hostname="TP-LAP0039" ignored="0" name="TC_0115_Regression_RUI_ExtendgiftmembershipafterexpiringwithTRA" tests="1" failures="0" timestamp="05 Oct 2019 19:19:48 GMT" time="61.887" errors="0">
  <testcase name="TC_0115_Regression_RUI_ExtendgiftmembershipafterexpiringwithTRA" time="11.901" classname="com.Restaurant_Execution_Classes.TC_0115_Regression_RUI_ExtendgiftmembershipafterexpiringwithTRA"/>
</testsuite> <!-- TC_0115_Regression_RUI_ExtendgiftmembershipafterexpiringwithTRA -->
