<?xml version="1.0" encoding="UTF-8"?>
<!-- Generated by org.testng.reporters.JUnitXMLReporter -->
<testsuite hostname="TP-LAP0039" ignored="0" name="TC_0013_Regression_MGSLightning_Replace_NewCreditCard" tests="1" failures="0" timestamp="04 Oct 2019 11:53:47 GMT" time="147.368" errors="0">
  <testcase name="TC_0013_Regression_MGSLightning_Replace_NewCreditCard" time="110.35" classname="com.MGSLightning_Execution_Classes.TC_0013_Regression_MGSLightning_Replace_NewCreditCard"/>
</testsuite> <!-- TC_0013_Regression_MGSLightning_Replace_NewCreditCard -->
