<?xml version="1.0" encoding="UTF-8"?>
<!-- Generated by org.testng.reporters.JUnitXMLReporter -->
<testsuite hostname="TP-LAP0039" ignored="0" name="TC_0039_Regression_RUI_AddLoyaltyPointswithManager" tests="1" failures="0" timestamp="05 Oct 2019 21:47:49 GMT" time="160.42" errors="0">
  <testcase name="TC_0039_Regression_RUI_AddLoyaltyPointswithManager" time="20.775" classname="com.Restaurant_Execution_Classes.TC_0039_Regression_RUI_AddLoyaltyPointswithManager"/>
</testsuite> <!-- TC_0039_Regression_RUI_AddLoyaltyPointswithManager -->
