<?xml version="1.0" encoding="UTF-8"?>
<!-- Generated by org.testng.reporters.JUnitXMLReporter -->
<testsuite hostname="TP-LAP0039" ignored="0" name="TC_0086_Regression_RUI_Changefrom1to2bottlemembershipImmediatelywithMANAGER" tests="1" failures="0" timestamp="05 Oct 2019 22:26:21 GMT" time="172.862" errors="0">
  <testcase name="TC_0086_Regression_RUI_Changefrom1to2bottlemembershipImmediatelywithMANAGER" time="32.338" classname="com.Restaurant_Execution_Classes.TC_0086_Regression_RUI_Changefrom1to2bottlemembershipImmediatelywithMANAGER"/>
</testsuite> <!-- TC_0086_Regression_RUI_Changefrom1to2bottlemembershipImmediatelywithMANAGER -->
