<?xml version="1.0" encoding="UTF-8"?>
<!-- Generated by org.testng.reporters.JUnitXMLReporter -->
<testsuite hostname="TP-LAP0039" ignored="0" name="TC_0018_Regression_MGSClassic_MemberSignature_OptIn" tests="1" failures="0" timestamp="07 Oct 2019 02:04:31 GMT" time="155.981" errors="0">
  <testcase name="TC_0018_Regression_MGS_MemberSignature_OptIn" time="91.501" classname="com.MGSClassic_Execution_Classes.TC_0018_Regression_MGSClassic_MemberSignature_OptIn"/>
</testsuite> <!-- TC_0018_Regression_MGSClassic_MemberSignature_OptIn -->
