<?xml version="1.0" encoding="UTF-8"?>
<!-- Generated by org.testng.reporters.JUnitXMLReporter -->
<testsuite hostname="TP-LAP0039" ignored="0" name="TC_0006_Regression_MGSLightning_Complimentary_SignUp" tests="1" failures="0" timestamp="07 Oct 2019 08:00:02 GMT" time="403.815" errors="0">
  <testcase name="TC_0006_Regression_MGSLightning_Complimentary_SignUp" time="377.599" classname="com.MGSLightning_Execution_Classes.TC_0006_Regression_MGSLightning_Complimentary_SignUp"/>
</testsuite> <!-- TC_0006_Regression_MGSLightning_Complimentary_SignUp -->
