<?xml version="1.0" encoding="UTF-8"?>
<!-- Generated by org.testng.reporters.JUnitXMLReporter -->
<testsuite hostname="TP-LAP0039" ignored="0" name="TC_0029_Regression_MGSLightning_ChangeClubTypeImmediately_DecreasedCost" tests="1" failures="0" timestamp="07 Oct 2019 08:52:13 GMT" time="212.495" errors="0">
  <testcase name="TC_0028_Regression_MGSClassic_ChangeClubTypeNextBillingCycle_DecreasedCost" time="137.594" classname="com.MGSLightning_Execution_Classes.TC_0029_Regression_MGSLightning_ChangeClubTypeImmediately_DecreasedCost"/>
</testsuite> <!-- TC_0029_Regression_MGSLightning_ChangeClubTypeImmediately_DecreasedCost -->
