<?xml version="1.0" encoding="UTF-8"?>
<!-- Generated by org.testng.reporters.JUnitXMLReporter -->
<testsuite hostname="TP-LAP0039" ignored="0" name="TC_0029_Regression_MGSClassic_ChangeClubTypeImmediately_DecreasedCost" tests="1" failures="0" timestamp="07 Oct 2019 02:43:52 GMT" time="177.473" errors="0">
  <testcase name="TC_0028_Regression_MGSClassic_ChangeClubTypeNextBillingCycle_DecreasedCost" time="92.975" classname="com.MGSClassic_Execution_Classes.TC_0029_Regression_MGSClassic_ChangeClubTypeImmediately_DecreasedCost"/>
</testsuite> <!-- TC_0029_Regression_MGSClassic_ChangeClubTypeImmediately_DecreasedCost -->
