<?xml version="1.0" encoding="UTF-8"?>
<!-- Generated by org.testng.reporters.JUnitXMLReporter -->
<testsuite hostname="TP-LAP0039" ignored="0" name="TC_0021_Regression_RUI_CancelMembershipwithSERVER" tests="1" failures="0" timestamp="05 Oct 2019 21:27:05 GMT" time="157.053" errors="0">
  <testcase name="TC_0021_Regression_RUI_CancelMembershipwithSERVER" time="31.719" classname="com.Restaurant_Execution_Classes.TC_0021_Regression_RUI_CancelMembershipwithSERVER"/>
</testsuite> <!-- TC_0021_Regression_RUI_CancelMembershipwithSERVER -->
