<?xml version="1.0" encoding="UTF-8"?>
<!-- Generated by org.testng.reporters.JUnitXMLReporter -->
<testsuite hostname="TP-LAP0039" ignored="0" name="TC_0133_Regression_RUI_PickUpCurrentWOMUpchargewithMANAGER" tests="1" failures="0" timestamp="05 Oct 2019 22:00:18 GMT" time="369.965" errors="0">
  <testcase name="TC_0058_Regression_RUI_PickUpPriorWOMUpchargewithMANAGER" time="240.667" classname="com.Restaurant_Execution_Classes.TC_0133_Regression_RUI_PickUpCurrentWOMUpchargewithMANAGER"/>
</testsuite> <!-- TC_0133_Regression_RUI_PickUpCurrentWOMUpchargewithMANAGER -->
