<?xml version="1.0" encoding="UTF-8"?>
<!-- Generated by org.testng.reporters.JUnitXMLReporter -->
<testsuite hostname="TP-LAP0039" ignored="0" name="TC_0094_Regression_RUI_Changefrom1to2bottlemembershipNextBillingCyclewithMANAGER" tests="1" failures="0" timestamp="05 Oct 2019 22:32:30 GMT" time="178.162" errors="0">
  <testcase name="TC_0094_Regression_RUI_Changefrom1to2bottlemembershipNextBillingCyclewithMANAGER" time="32.96" classname="com.Restaurant_Execution_Classes.TC_0094_Regression_RUI_Changefrom1to2bottlemembershipNextBillingCyclewithMANAGER"/>
</testsuite> <!-- TC_0094_Regression_RUI_Changefrom1to2bottlemembershipNextBillingCyclewithMANAGER -->
