<?xml version="1.0" encoding="UTF-8"?>
<!-- Generated by org.testng.reporters.JUnitXMLReporter -->
<testsuite hostname="TP-LAP0039" ignored="0" name="TC_0110_Regression_RUI_Swap2WOMsfor1LuxwithMANAGER" tests="1" failures="0" timestamp="05 Oct 2019 22:09:14 GMT" time="536.486" errors="0">
  <testcase name="TC_0110_Regression_RUI_Swap2WOMsfor1LuxwithMANAGER" time="407.895" classname="com.Restaurant_Execution_Classes.TC_0110_Regression_RUI_Swap2WOMsfor1LuxwithMANAGER"/>
</testsuite> <!-- TC_0110_Regression_RUI_Swap2WOMsfor1LuxwithMANAGER -->
