<?xml version="1.0" encoding="UTF-8"?>
<!-- Generated by org.testng.reporters.JUnitXMLReporter -->
<testsuite hostname="TP-LAP0039" ignored="0" name="TC_0123_Regression_RUI_ConvertgiftmembershipafterexpiringwithTRA" tests="1" failures="0" timestamp="02 Oct 2019 14:25:43 GMT" time="57.487" errors="0">
  <testcase name="TC_0123_Regression_RUI_ConvertgiftmembershipafterexpiringwithTRA" time="9.807" classname="com.Restaurant_Execution_Classes.TC_0123_Regression_RUI_ConvertgiftmembershipafterexpiringwithTRA"/>
</testsuite> <!-- TC_0123_Regression_RUI_ConvertgiftmembershipafterexpiringwithTRA -->
