<?xml version="1.0" encoding="UTF-8"?>
<!-- Generated by org.testng.reporters.JUnitXMLReporter -->
<testsuite hostname="TP-LAP0039" ignored="0" name="TC_0037_Regression_RUI_MemberSignatureOptOutwithSERVER" tests="1" failures="0" timestamp="05 Oct 2019 20:32:50 GMT" time="131.053" errors="0">
  <testcase name="TC_0037_Regression_RUI_MemberSignatureOptOutwithSERVER" time="19.12" classname="com.Restaurant_Execution_Classes.TC_0037_Regression_RUI_MemberSignatureOptOutwithSERVER"/>
</testsuite> <!-- TC_0037_Regression_RUI_MemberSignatureOptOutwithSERVER -->
