<?xml version="1.0" encoding="UTF-8"?>
<!-- Generated by org.testng.reporters.JUnitXMLReporter -->
<testsuite hostname="TP-LAP0039" ignored="0" name="TC_0010_Regression_RUI_SignUpGiftMANAGER" tests="1" failures="0" timestamp="05 Oct 2019 21:32:08 GMT" time="133.802" errors="0">
  <testcase name="TC_0010_Regression_RUI_SignUpGiftMANAGER" time="75.332" classname="com.Restaurant_Execution_Classes.TC_0010_Regression_RUI_SignUpGiftMANAGER"/>
</testsuite> <!-- TC_0010_Regression_RUI_SignUpGiftMANAGER -->
