<?xml version="1.0" encoding="UTF-8"?>
<!-- Generated by org.testng.reporters.JUnitXMLReporter -->
<testsuite hostname="TP-LAP0039" ignored="0" name="TC_0091_Regression_RUI_Changefrom1to2bottlemembershipNextBillingCyclewithTRA" tests="1" failures="0" timestamp="05 Oct 2019 19:14:58 GMT" time="147.601" errors="0">
  <testcase name="TC_0091_Regression_RUI_Changefrom1to2bottlemembershipNextBillingCyclewithTRA" time="41.856" classname="com.Restaurant_Execution_Classes.TC_0091_Regression_RUI_Changefrom1to2bottlemembershipNextBillingCyclewithTRA"/>
</testsuite> <!-- TC_0091_Regression_RUI_Changefrom1to2bottlemembershipNextBillingCyclewithTRA -->
