<?xml version="1.0" encoding="UTF-8"?>
<!-- Generated by org.testng.reporters.JUnitXMLReporter -->
<testsuite hostname="TP-LAP0039" ignored="0" name="TC_0081_Regression_RUI_ChangeClubtypeNextBillingcycleIncreasedcostwithSERVER" tests="1" failures="0" timestamp="05 Oct 2019 21:11:19 GMT" time="153.065" errors="0">
  <testcase name="TC_0081_Regression_RUI_ChangeClubtypeNextBillingcycleIncreasedcostwithSERVER" time="32.307" classname="com.Restaurant_Execution_Classes.TC_0081_Regression_RUI_ChangeClubtypeNextBillingcycleIncreasedcostwithSERVER"/>
</testsuite> <!-- TC_0081_Regression_RUI_ChangeClubtypeNextBillingcycleIncreasedcostwithSERVER -->
