<?xml version="1.0" encoding="UTF-8"?>
<!-- Generated by org.testng.reporters.JUnitXMLReporter -->
<testsuite hostname="TP-LAP0039" ignored="0" name="TC_0019_Regression_RUI_CancelMembershipwithTRA" tests="1" failures="0" timestamp="05 Oct 2019 19:21:52 GMT" time="123.347" errors="0">
  <testcase name="TC_0019_Regression_RUI_CancelMembershipwithTRA" time="22.33" classname="com.Restaurant_Execution_Classes.TC_0019_Regression_RUI_CancelMembershipwithTRA"/>
</testsuite> <!-- TC_0019_Regression_RUI_CancelMembershipwithTRA -->
