<?xml version="1.0" encoding="UTF-8"?>
<!-- Generated by org.testng.reporters.JUnitXMLReporter -->
<testsuite hostname="TP-LAP0039" ignored="0" name="TC_0117_Regression_RUI_ExtendgiftmembershipafterexpiringwithServer" tests="1" failures="0" timestamp="05 Oct 2019 21:24:28 GMT" time="70.295" errors="0">
  <testcase name="TC_0117_Regression_RUI_ExtendgiftmembershipafterexpiringwithServer" time="11.499" classname="com.Restaurant_Execution_Classes.TC_0117_Regression_RUI_ExtendgiftmembershipafterexpiringwithServer"/>
</testsuite> <!-- TC_0117_Regression_RUI_ExtendgiftmembershipafterexpiringwithServer -->
