<?xml version="1.0" encoding="UTF-8"?>
<!-- Generated by org.testng.reporters.JUnitXMLReporter -->
<testsuite hostname="TP-LAP0039" ignored="0" name="TC_0040_Regression_RUI_CantAddLoyaltyPointswithTRA" tests="1" failures="0" timestamp="05 Oct 2019 18:38:23 GMT" time="139.538" errors="0">
  <testcase name="TC_0040_Regression_RUI_CantAddLoyaltyPointswithTRA" time="33.219" classname="com.Restaurant_Execution_Classes.TC_0040_Regression_RUI_CantAddLoyaltyPointswithTRA"/>
</testsuite> <!-- TC_0040_Regression_RUI_CantAddLoyaltyPointswithTRA -->
