<?xml version="1.0" encoding="UTF-8"?>
<!-- Generated by org.testng.reporters.JUnitXMLReporter -->
<testsuite hostname="TP-LAP0039" ignored="0" name="TC_0031_Regression_MGSLightning_ChangeClubTypeImmediately_IncreasedCost" tests="1" failures="0" timestamp="07 Oct 2019 08:57:39 GMT" time="174.066" errors="0">
  <testcase name="TC_0031_Regression_MGSClassic_ChangeClubTypeImmediately_IncreasedCost" time="98.949" classname="com.MGSLightning_Execution_Classes.TC_0031_Regression_MGSLightning_ChangeClubTypeImmediately_IncreasedCost"/>
</testsuite> <!-- TC_0031_Regression_MGSLightning_ChangeClubTypeImmediately_IncreasedCost -->
