<?xml version="1.0" encoding="UTF-8"?>
<!-- Generated by org.testng.reporters.JUnitXMLReporter -->
<testsuite hostname="TP-LAP0039" ignored="0" name="TC_0102_Regression_RUI_PutVacationHoldwithMANAGER" tests="1" failures="0" timestamp="05 Oct 2019 22:20:34 GMT" time="177.409" errors="0">
  <testcase name="TC_0102_Regression_RUI_PutVacationHoldwithMANAGER" time="33.801" classname="com.Restaurant_Execution_Classes.TC_0102_Regression_RUI_PutVacationHoldwithMANAGER"/>
</testsuite> <!-- TC_0102_Regression_RUI_PutVacationHoldwithMANAGER -->
