<?xml version="1.0" encoding="UTF-8"?>
<!-- Generated by org.testng.reporters.JUnitXMLReporter -->
<testsuite hostname="TP-LAP0039" ignored="0" name="TC_0101_Regression_RUI_PutVacationHoldwithSERVER" tests="1" failures="0" timestamp="05 Oct 2019 21:03:46 GMT" time="154.516" errors="0">
  <testcase name="TC_0101_Regression_RUI_PutVacationHoldwithSERVER" time="34.371" classname="com.Restaurant_Execution_Classes.TC_0101_Regression_RUI_PutVacationHoldwithSERVER"/>
</testsuite> <!-- TC_0101_Regression_RUI_PutVacationHoldwithSERVER -->
