<?xml version="1.0" encoding="UTF-8"?>
<!-- Generated by org.testng.reporters.JUnitXMLReporter -->
<testsuite hostname="TP-LAP0039" ignored="0" name="TC_0084_Regression_RUI_Changefrom1to2bottlemembershipImmediatelywithBARTENDER" tests="1" failures="0" timestamp="05 Oct 2019 20:05:01 GMT" time="143.831" errors="0">
  <testcase name="TC_0084_Regression_RUI_Changefrom1to2bottlemembershipImmediatelywithBARTENDER" time="32.416" classname="com.Restaurant_Execution_Classes.TC_0084_Regression_RUI_Changefrom1to2bottlemembershipImmediatelywithBARTENDER"/>
</testsuite> <!-- TC_0084_Regression_RUI_Changefrom1to2bottlemembershipImmediatelywithBARTENDER -->
