<?xml version="1.0" encoding="UTF-8"?>
<!-- Generated by org.testng.reporters.JUnitXMLReporter -->
<testsuite hostname="TP-LAP0039" ignored="0" name="TC_0030_Regression_MGSClassic_ChangeClubTypeNextBillingCycle_IncreasedCost" tests="1" failures="1" timestamp="07 Oct 2019 02:47:03 GMT" time="190.584" errors="0">
  <testcase name="TC_0029_Regression_MGSClassic_ChangeClubTypeNextBillingCycle_IncreasedCost" time="98.3" classname="com.MGSClassic_Execution_Classes.TC_0030_Regression_MGSClassic_ChangeClubTypeNextBillingCycle_IncreasedCost">
    <failure type="java.lang.Error" message="Unresolved compilation problem: 
	The method chargeNewCreditCard_StoreOnFile() is undefined for the type Page_MonthlyMembersEntry
">
      <![CDATA[java.lang.Error: Unresolved compilation problem: 
The method chargeNewCreditCard_StoreOnFile() is undefined for the type Page_MonthlyMembersEntry

at com.MGS.CommonPages.ClassicWCMemberValidationPage.changeClubTypeIncreasedCostNextbillingCycle(ClassicWCMemberValidationPage.java:1056)
at com.MGS.CommonPages.MGSPages.ClassicWCMemberValidationPage_changeClubTypeIncreasedCostNextBillingCycle(MGSPages.java:553)
at com.MGSClassic_Execution_Classes.TC_0030_Regression_MGSClassic_ChangeClubTypeNextBillingCycle_IncreasedCost.TC_0029_Regression_MGSClassic_ChangeClubTypeNextBillingCycle_IncreasedCost(TC_0030_Regression_MGSClassic_ChangeClubTypeNextBillingCycle_IncreasedCost.java:54)
... Removed 25 stack frames]]>
    </failure>
  </testcase> <!-- TC_0029_Regression_MGSClassic_ChangeClubTypeNextBillingCycle_IncreasedCost -->
</testsuite> <!-- TC_0030_Regression_MGSClassic_ChangeClubTypeNextBillingCycle_IncreasedCost -->
