<?xml version="1.0" encoding="UTF-8"?>
<!-- Generated by org.testng.reporters.JUnitXMLReporter -->
<testsuite hostname="TP-LAP0039" ignored="0" name="TC_0073_Regression_RUI_ChangedeliveryNextBillingCyclewithSERVER" tests="1" failures="0" timestamp="05 Oct 2019 21:06:16 GMT" time="150.737" errors="0">
  <testcase name="TC_0073_Regression_RUI_ChangedeliveryNextBillingCyclewithSERVER" time="31.721" classname="com.Restaurant_Execution_Classes.TC_0073_Regression_RUI_ChangedeliveryNextBillingCyclewithSERVER"/>
</testsuite> <!-- TC_0073_Regression_RUI_ChangedeliveryNextBillingCyclewithSERVER -->
