<?xml version="1.0" encoding="UTF-8"?>
<!-- Generated by org.testng.reporters.JUnitXMLReporter -->
<testsuite hostname="TP-LAP0039" ignored="0" name="TC_0044_Regression_RUI_MemberSignatureOptInwithBARTENDER" tests="1" failures="0" timestamp="05 Oct 2019 19:36:39 GMT" time="128.235" errors="0">
  <testcase name="TC_0044_Regression_RUI_MemberSignatureOptInwithBARTENDER" time="20.088" classname="com.Restaurant_Execution_Classes.TC_0044_Regression_RUI_MemberSignatureOptInwithBARTENDER"/>
</testsuite> <!-- TC_0044_Regression_RUI_MemberSignatureOptInwithBARTENDER -->
