<?xml version="1.0" encoding="UTF-8"?>
<!-- Generated by org.testng.reporters.JUnitXMLReporter -->
<testsuite hostname="TP-LAP0039" ignored="0" name="TC_0032_Regression_MGSClassic_Change1to2BottleMembership_Immediately" tests="1" failures="0" timestamp="07 Oct 2019 02:53:49 GMT" time="203.96" errors="0">
  <testcase name="TC_0032_Regression_MGSClassic_Change1to2BottleMembership_Immediately" time="92.364" classname="com.MGSClassic_Execution_Classes.TC_0032_Regression_MGSClassic_Change1to2BottleMembership_Immediately"/>
</testsuite> <!-- TC_0032_Regression_MGSClassic_Change1to2BottleMembership_Immediately -->
