<?xml version="1.0" encoding="UTF-8"?>
<!-- Generated by org.testng.reporters.JUnitXMLReporter -->
<testsuite hostname="TP-LAP0039" ignored="0" name="TC_0132_Regression_RUI_PickUpCurrentWOMUpchargewithSERVER" tests="1" failures="0" timestamp="05 Oct 2019 20:49:58 GMT" time="387.067" errors="0">
  <testcase name="TC_0057_Regression_RUI_PickUpPriorWOMUpchargewithSERVER" time="250.755" classname="com.Restaurant_Execution_Classes.TC_0132_Regression_RUI_PickUpCurrentWOMUpchargewithSERVER"/>
</testsuite> <!-- TC_0132_Regression_RUI_PickUpCurrentWOMUpchargewithSERVER -->
