<?xml version="1.0" encoding="UTF-8"?>
<!-- Generated by org.testng.reporters.JUnitXMLReporter -->
<testsuite hostname="TP-LAP0039" ignored="0" name="TC_0018_Regression_RUI_ChangecontactInformationwithMANAGER" tests="1" failures="0" timestamp="05 Oct 2019 21:36:58 GMT" time="156.915" errors="0">
  <testcase name="TC_0018_Regression_RUI_ChangecontactInformationwithMANAGER" time="20.554" classname="com.Restaurant_Execution_Classes.TC_0018_Regression_RUI_ChangecontactInformationwithMANAGER"/>
</testsuite> <!-- TC_0018_Regression_RUI_ChangecontactInformationwithMANAGER -->
