<?xml version="1.0" encoding="UTF-8"?>
<!-- Generated by org.testng.reporters.JUnitXMLReporter -->
<testsuite hostname="TP-LAP0039" ignored="0" name="TC_0005_Regression_MGSClassic_CoopersHawkCares_SignUp" tests="1" failures="0" timestamp="07 Oct 2019 01:39:01 GMT" time="97.973" errors="0">
  <testcase name="CoopersHawkCaresSignUP" time="86.437" classname="com.MGSClassic_Execution_Classes.TC_0005_Regression_MGSClassic_CoopersHawkCares_SignUp"/>
</testsuite> <!-- TC_0005_Regression_MGSClassic_CoopersHawkCares_SignUp -->
