<?xml version="1.0" encoding="UTF-8"?>
<!-- Generated by org.testng.reporters.JUnitXMLReporter -->
<testsuite hostname="TP-LAP0039" ignored="0" name="TC_0034_Regression_MGSClassic_Change1to2BottleMembership_NextBillingCycle" tests="1" failures="1" timestamp="07 Oct 2019 03:01:48 GMT" time="208.988" errors="0">
  <testcase name="TC_0034_Regression_MGSClassic_Change1to2BottleMembership_NextBillingCycle" time="104.181" classname="com.MGSClassic_Execution_Classes.TC_0034_Regression_MGSClassic_Change1to2BottleMembership_NextBillingCycle">
    <failure type="java.lang.Error" message="Unresolved compilation problem: 
	The method chargeNewCreditCard_StoreOnFile() is undefined for the type Page_MonthlyMembersEntry
">
      <![CDATA[java.lang.Error: Unresolved compilation problem: 
The method chargeNewCreditCard_StoreOnFile() is undefined for the type Page_MonthlyMembersEntry

at com.MGS.CommonPages.ClassicWCMemberValidationPage.changefrom1to2BottleNextBillingCycle(ClassicWCMemberValidationPage.java:967)
at com.MGS.CommonPages.MGSPages.ClassicWCMemberValidationPage_changefrom1to2BottleNextBillingCycle(MGSPages.java:594)
at com.MGSClassic_Execution_Classes.TC_0034_Regression_MGSClassic_Change1to2BottleMembership_NextBillingCycle.TC_0034_Regression_MGSClassic_Change1to2BottleMembership_NextBillingCycle(TC_0034_Regression_MGSClassic_Change1to2BottleMembership_NextBillingCycle.java:54)
... Removed 25 stack frames]]>
    </failure>
  </testcase> <!-- TC_0034_Regression_MGSClassic_Change1to2BottleMembership_NextBillingCycle -->
</testsuite> <!-- TC_0034_Regression_MGSClassic_Change1to2BottleMembership_NextBillingCycle -->
