<?xml version="1.0" encoding="UTF-8"?>
<!-- Generated by org.testng.reporters.JUnitXMLReporter -->
<testsuite hostname="TP-LAP0039" ignored="0" name="TC_0017_Regression_RUI_ChangecontactInformationwithSERVER" tests="1" failures="0" timestamp="05 Oct 2019 20:28:26 GMT" time="131.482" errors="0">
  <testcase name="TC_0017_Regression_RUI_ChangecontactInformationwithSERVER" time="20.925" classname="com.Restaurant_Execution_Classes.TC_0017_Regression_RUI_ChangecontactInformationwithSERVER"/>
</testsuite> <!-- TC_0017_Regression_RUI_ChangecontactInformationwithSERVER -->
