<?xml version="1.0" encoding="UTF-8"?>
<!-- Generated by org.testng.reporters.JUnitXMLReporter -->
<testsuite hostname="TP-LAP0039" ignored="0" name="TC_0032_Regression_MGSLightning_Change1to2BottleMembership_Immediately" tests="1" failures="0" timestamp="07 Oct 2019 09:02:35 GMT" time="294.61" errors="0">
  <testcase name="TC_0032_Regression_MGSClassic_Change1to2BottleMembership_Immediately" time="214.521" classname="com.MGSLightning_Execution_Classes.TC_0032_Regression_MGSLightning_Change1to2BottleMembership_Immediately"/>
</testsuite> <!-- TC_0032_Regression_MGSLightning_Change1to2BottleMembership_Immediately -->
