<?xml version="1.0" encoding="UTF-8"?>
<!-- Generated by org.testng.reporters.JUnitXMLReporter -->
<testsuite hostname="TP-LAP0039" ignored="0" name="TC_0036_Regression_RUI_MemberSignatureOptOutwithBARTENDER" tests="1" failures="0" timestamp="05 Oct 2019 19:34:31 GMT" time="124.432" errors="0">
  <testcase name="TC_0036_Regression_RUI_MemberSignatureOptOutwithBARTENDER" time="19.236" classname="com.Restaurant_Execution_Classes.TC_0036_Regression_RUI_MemberSignatureOptOutwithBARTENDER"/>
</testsuite> <!-- TC_0036_Regression_RUI_MemberSignatureOptOutwithBARTENDER -->
