<?xml version="1.0" encoding="UTF-8"?>
<!-- Generated by org.testng.reporters.JUnitXMLReporter -->
<testsuite hostname="TP-LAP0039" ignored="0" name="TC_0122_Regression_RUI_ConvertgiftmembershipbeforeexpiringwithManager" tests="1" failures="0" timestamp="02 Oct 2019 14:24:46 GMT" time="1266.753" errors="0">
  <testcase name="TC_0122_Regression_RUI_ConvertgiftmembershipbeforeexpiringwithManager" time="1220.871" classname="com.Restaurant_Execution_Classes.TC_0122_Regression_RUI_ConvertgiftmembershipbeforeexpiringwithManager"/>
</testsuite> <!-- TC_0122_Regression_RUI_ConvertgiftmembershipbeforeexpiringwithManager -->
