<?xml version="1.0" encoding="UTF-8"?>
<!-- Generated by org.testng.reporters.JUnitXMLReporter -->
<testsuite hostname="TP-LAP0039" ignored="0" name="TC_0100_Regression_RUI_PutVacationHoldwithBARTENDER" tests="1" failures="0" timestamp="05 Oct 2019 19:57:57 GMT" time="161.072" errors="0">
  <testcase name="TC_0099_Regression_RUI_PutVacationOnHoldwithTRA" time="34.205" classname="com.Restaurant_Execution_Classes.TC_0100_Regression_RUI_PutVacationHoldwithBARTENDER"/>
</testsuite> <!-- TC_0100_Regression_RUI_PutVacationHoldwithBARTENDER -->
