<?xml version="1.0" encoding="UTF-8"?>
<!-- Generated by org.testng.reporters.JUnitXMLReporter -->
<testsuite hostname="TP-LAP0039" ignored="0" name="TC_0002_Regression_MGSClassic_GiftMember_SignUp" tests="1" failures="0" timestamp="07 Oct 2019 01:32:51 GMT" time="227.607" errors="0">
  <testcase name="GiftMemberSignUP" time="165.24" classname="com.MGSClassic_Execution_Classes.TC_0002_Regression_MGSClassic_GiftMember_SignUp"/>
</testsuite> <!-- TC_0002_Regression_MGSClassic_GiftMember_SignUp -->
