<?xml version="1.0" encoding="UTF-8"?>
<!-- Generated by org.testng.reporters.JUnitXMLReporter -->
<testsuite hostname="TP-LAP0039" ignored="0" name="TC_0002_Regression_RUI_GiftSignUPwithActivation" tests="1" failures="0" timestamp="05 Oct 2019 18:22:54 GMT" time="121.335" errors="0">
  <testcase name="RestaurantMonthly_SignUPNoPayment" time="79.065" classname="com.Restaurant_Execution_Classes.TC_0002_Regression_RUI_GiftSignUPwithActivation"/>
</testsuite> <!-- TC_0002_Regression_RUI_GiftSignUPwithActivation -->
