<?xml version="1.0" encoding="UTF-8"?>
<!-- Generated by org.testng.reporters.JUnitXMLReporter -->
<testsuite hostname="TP-LAP0039" ignored="0" name="TC_0038_Regression_RUI_MemberSignatureOptOutwithMANAGER" tests="1" failures="0" timestamp="05 Oct 2019 21:42:27 GMT" time="163.531" errors="0">
  <testcase name="TC_0038_Regression_RUI_MemberSignatureOptOutwithMANAGER" time="21.85" classname="com.Restaurant_Execution_Classes.TC_0038_Regression_RUI_MemberSignatureOptOutwithMANAGER"/>
</testsuite> <!-- TC_0038_Regression_RUI_MemberSignatureOptOutwithMANAGER -->
