<?xml version="1.0" encoding="UTF-8"?>
<!-- Generated by org.testng.reporters.JUnitXMLReporter -->
<testsuite hostname="TP-LAP0039" ignored="0" name="TC_0107_Regression_RUI_Swap2WOMsfor1LuxwithTRA" tests="1" failures="0" timestamp="05 Oct 2019 18:56:22 GMT" time="524.436" errors="0">
  <testcase name="TC_0107_Regression_RUI_Swap2WOMsfor1LuxwithTRA" time="438.501" classname="com.Restaurant_Execution_Classes.TC_0107_Regression_RUI_Swap2WOMsfor1LuxwithTRA"/>
</testsuite> <!-- TC_0107_Regression_RUI_Swap2WOMsfor1LuxwithTRA -->
