<?xml version="1.0" encoding="UTF-8"?>
<!-- Generated by org.testng.reporters.JUnitXMLReporter -->
<testsuite hostname="TP-LAP0039" ignored="0" name="TC_0109_Regression_RUI_Swap2WOMsfor1LuxwithSERVER" tests="1" failures="0" timestamp="05 Oct 2019 20:59:06 GMT" time="548.434" errors="0">
  <testcase name="TC_0109_Regression_RUI_Swap2WOMsfor1LuxwithSERVER" time="407.691" classname="com.Restaurant_Execution_Classes.TC_0109_Regression_RUI_Swap2WOMsfor1LuxwithSERVER"/>
</testsuite> <!-- TC_0109_Regression_RUI_Swap2WOMsfor1LuxwithSERVER -->
