<?xml version="1.0" encoding="UTF-8"?>
<!-- Generated by org.testng.reporters.JUnitXMLReporter -->
<testsuite hostname="TP-LAP0039" ignored="0" name="TC_0027_Regression_MGSLightning_ChangeDeliveryNextBillingCycle" tests="1" failures="0" timestamp="2019-10-10T07:05:19 CDT" time="375.703" errors="0">
  <testcase name="TC_0027_Regression_MGSLightning_ChangeDeliveryNextBillingCycle" time="326.08" classname="com.MGSLightning_Execution_Classes.TC_0027_Regression_MGSLightning_ChangeDeliveryNextBillingCycle"/>
</testsuite> <!-- TC_0027_Regression_MGSLightning_ChangeDeliveryNextBillingCycle -->
