<?xml version="1.0" encoding="UTF-8"?>
<!-- Generated by org.testng.reporters.JUnitXMLReporter -->
<testsuite hostname="TP-LAP0039" ignored="0" name="TC_0027_Regression_MGSClassic_ChangeDeliveryNextBillingCycle" tests="1" failures="0" timestamp="07 Oct 2019 02:38:19 GMT" time="204.455" errors="0">
  <testcase name="TC_0027_Regression_MGSClassic_ChangeDeliveryNextBillingCycle" time="120.713" classname="com.MGSClassic_Execution_Classes.TC_0027_Regression_MGSClassic_ChangeDeliveryNextBillingCycle"/>
</testsuite> <!-- TC_0027_Regression_MGSClassic_ChangeDeliveryNextBillingCycle -->
