<?xml version="1.0" encoding="UTF-8"?>
<!-- Generated by org.testng.reporters.JUnitXMLReporter -->
<testsuite hostname="TP-LAP0039" ignored="0" name="TC_0130_Regression_RUI_PickUpCurrentWOMUpchargewithTRA" tests="1" failures="0" timestamp="05 Oct 2019 18:47:37 GMT" time="278.259" errors="0">
  <testcase name="TC_0055_Regression_RUI_PickUpPriorWOMUpchargewithTRA" time="176.031" classname="com.Restaurant_Execution_Classes.TC_0130_Regression_RUI_PickUpCurrentWOMUpchargewithTRA"/>
</testsuite> <!-- TC_0130_Regression_RUI_PickUpCurrentWOMUpchargewithTRA -->
