<?xml version="1.0" encoding="UTF-8"?>
<!-- Generated by org.testng.reporters.JUnitXMLReporter -->
<testsuite hostname="TP-LAP0039" ignored="0" name="TC_0092_Regression_RUI_Changefrom1to2bottlemembershipNextBillingCyclewithBARTENDER" tests="1" failures="0" timestamp="05 Oct 2019 20:09:38 GMT" time="140.53" errors="0">
  <testcase name="TC_0092_Regression_RUI_Changefrom1to2bottlemembershipNextBillingCyclewithBARTENDER" time="32.076" classname="com.Restaurant_Execution_Classes.TC_0092_Regression_RUI_Changefrom1to2bottlemembershipNextBillingCyclewithBARTENDER"/>
</testsuite> <!-- TC_0092_Regression_RUI_Changefrom1to2bottlemembershipNextBillingCyclewithBARTENDER -->
