<?xml version="1.0" encoding="UTF-8"?>
<!-- Generated by org.testng.reporters.JUnitXMLReporter -->
<testsuite hostname="TP-LAP0039" ignored="0" name="TC_0035_Regression_RUI_MemberSignatureOptOutwithTRA" tests="1" failures="0" timestamp="05 Oct 2019 18:34:07 GMT" time="109.3" errors="0">
  <testcase name="TC_0035_Regression_RUI_MemberSignatureOptOutwithTRA" time="24.585" classname="com.Restaurant_Execution_Classes.TC_0035_Regression_RUI_MemberSignatureOptOutwithTRA"/>
</testsuite> <!-- TC_0035_Regression_RUI_MemberSignatureOptOutwithTRA -->
