<?xml version="1.0" encoding="UTF-8"?>
<!-- Generated by org.testng.reporters.JUnitXMLReporter -->
<testsuite hostname="TP-LAP0039" ignored="0" name="TC_0113_Regression_RUI_ExtendgiftmembershipbeforeexpiringwithServer" tests="1" failures="0" timestamp="05 Oct 2019 21:23:18 GMT" time="81.547" errors="0">
  <testcase name="TC_0113_Regression_RUI_ExtendgiftmembershipbeforeexpiringwithServer" time="22.392" classname="com.Restaurant_Execution_Classes.TC_0113_Regression_RUI_ExtendgiftmembershipbeforeexpiringwithServer"/>
</testsuite> <!-- TC_0113_Regression_RUI_ExtendgiftmembershipbeforeexpiringwithServer -->
