<?xml version="1.0" encoding="UTF-8"?>
<!-- Generated by org.testng.reporters.JUnitXMLReporter -->
<testsuite hostname="TP-LAP0039" ignored="0" name="TC_0041_Regression_MGSClassic_Update_ContactInformation" tests="1" failures="0" timestamp="07 Oct 2019 03:22:33 GMT" time="294.451" errors="0">
  <testcase name="TC_0041_Regression_MGSClassic_Update_ContactInformation" time="160.082" classname="com.MGSClassic_Execution_Classes.TC_0041_Regression_MGSClassic_Update_ContactInformation"/>
</testsuite> <!-- TC_0041_Regression_MGSClassic_Update_ContactInformation -->
