<?xml version="1.0" encoding="UTF-8"?>
<!-- Generated by org.testng.reporters.JUnitXMLReporter -->
<testsuite hostname="TP-LAP0039" ignored="0" name="TC_0119_Regression_RUI_ConvertgiftmembershipbeforeexpiringwithTRA" tests="1" failures="0" timestamp="02 Oct 2019 13:21:15 GMT" time="1196.204" errors="0">
  <testcase name="TC_0119_Regression_RUI_ConvertgiftmembershipbeforeexpiringwithTRA" time="1150.652" classname="com.Restaurant_Execution_Classes.TC_0119_Regression_RUI_ConvertgiftmembershipbeforeexpiringwithTRA"/>
</testsuite> <!-- TC_0119_Regression_RUI_ConvertgiftmembershipbeforeexpiringwithTRA -->
