<?xml version="1.0" encoding="UTF-8"?>
<!-- Generated by org.testng.reporters.JUnitXMLReporter -->
<testsuite hostname="TP-LAP0039" ignored="0" name="TC_0025_Regression_MGSClassic_convertGifttoMonthlyMembershipbeforeExpiry" tests="1" failures="0" timestamp="07 Oct 2019 02:31:13 GMT" time="220.822" errors="0">
  <testcase name="TC_0025_Regression_MGSClassic_convertGifttoMonthlyMembershipbeforeExpiry" time="131.011" classname="com.MGSClassic_Execution_Classes.TC_0025_Regression_MGSClassic_convertGifttoMonthlyMembershipbeforeExpiry"/>
</testsuite> <!-- TC_0025_Regression_MGSClassic_convertGifttoMonthlyMembershipbeforeExpiry -->
