<?xml version="1.0" encoding="UTF-8"?>
<!-- Generated by org.testng.reporters.JUnitXMLReporter -->
<testsuite hostname="TP-LAP0039" ignored="0" name="TC_0003_Regression_MGSLightning_Founder_SignUp" tests="1" failures="0" timestamp="07 Oct 2019 07:44:48 GMT" time="524.288" errors="0">
  <testcase name="TC_0003_Regression_MGSLightning_Founder_SignUp" time="504.763" classname="com.MGSLightning_Execution_Classes.TC_0003_Regression_MGSLightning_Founder_SignUp"/>
</testsuite> <!-- TC_0003_Regression_MGSLightning_Founder_SignUp -->
