<?xml version="1.0" encoding="UTF-8"?>
<!-- Generated by org.testng.reporters.JUnitXMLReporter -->
<testsuite hostname="TP-LAP0039" ignored="0" name="TC_0121_Regression_RUI_ConvertgiftmembershipbeforeexpiringwithServer" tests="1" failures="0" timestamp="02 Oct 2019 14:03:39 GMT" time="1276.192" errors="0">
  <testcase name="TC_0121_Regression_RUI_ConvertgiftmembershipbeforeexpiringwithServer" time="1226.86" classname="com.Restaurant_Execution_Classes.TC_0121_Regression_RUI_ConvertgiftmembershipbeforeexpiringwithServer"/>
</testsuite> <!-- TC_0121_Regression_RUI_ConvertgiftmembershipbeforeexpiringwithServer -->
