<?xml version="1.0" encoding="UTF-8"?>
<!-- Generated by org.testng.reporters.JUnitXMLReporter -->
<testsuite hostname="TP-LAP0039" ignored="0" name="TC_0106_Regression_RUI_MarkOffTastingwithMANAGER" tests="1" failures="0" timestamp="05 Oct 2019 22:11:49 GMT" time="153.7" errors="0">
  <testcase name="TC_0106_Regression_RUI_MarkOffTastingwithMANAGER" time="20.212" classname="com.Restaurant_Execution_Classes.TC_0106_Regression_RUI_MarkOffTastingwithMANAGER"/>
</testsuite> <!-- TC_0106_Regression_RUI_MarkOffTastingwithMANAGER -->
