<?xml version="1.0" encoding="UTF-8"?>
<!-- Generated by org.testng.reporters.JUnitXMLReporter -->
<testsuite hostname="TP-LAP0039" ignored="0" name="TC_0111_Regression_RUI_ExtendgiftmembershipbeforeexpiringwithTRA" tests="1" failures="0" timestamp="05 Oct 2019 19:18:46 GMT" time="74.861" errors="0">
  <testcase name="TC_0111_Regression_RUI_ExtendgiftmembershipbeforeexpiringwithTRA" time="23.304" classname="com.Restaurant_Execution_Classes.TC_0111_Regression_RUI_ExtendgiftmembershipbeforeexpiringwithTRA"/>
</testsuite> <!-- TC_0111_Regression_RUI_ExtendgiftmembershipbeforeexpiringwithTRA -->
