<?xml version="1.0" encoding="UTF-8"?>
<!-- Generated by org.testng.reporters.JUnitXMLReporter -->
<testsuite hostname="TP-LAP0039" ignored="0" name="TC_0006_Regression_RUI_SignUpMonthlyMANAGER" tests="1" failures="0" timestamp="05 Oct 2019 21:29:54 GMT" time="168.849" errors="0">
  <testcase name="TC_006_Regression_RUI_SignUpMonthlyMANAGER" time="43.911" classname="com.Restaurant_Execution_Classes.TC_0006_Regression_RUI_SignUpMonthlyMANAGER"/>
</testsuite> <!-- TC_0006_Regression_RUI_SignUpMonthlyMANAGER -->
