<?xml version="1.0" encoding="UTF-8"?>
<!-- Generated by org.testng.reporters.JUnitXMLReporter -->
<testsuite hostname="TP-LAP0039" ignored="0" name="TC_0020_Regression_RUI_CancelMembershipwithBARTENDER" tests="1" failures="0" timestamp="05 Oct 2019 20:19:08 GMT" time="147.266" errors="0">
  <testcase name="TC_0020_Regression_RUI_CancelMembershipwithBARTENDER" time="31.942" classname="com.Restaurant_Execution_Classes.TC_0020_Regression_RUI_CancelMembershipwithBARTENDER"/>
</testsuite> <!-- TC_0020_Regression_RUI_CancelMembershipwithBARTENDER -->
