<?xml version="1.0" encoding="UTF-8"?>
<!-- Generated by org.testng.reporters.JUnitXMLReporter -->
<testsuite hostname="TP-LAP0039" ignored="0" name="TC_0007_Regression_MGSClassic_Monthly_Activate" tests="2" failures="0" timestamp="07 Oct 2019 01:44:24 GMT" time="150.536" errors="0">
  <testcase name="TC_007_Regression_MGS_Monthly_Activate" time="90.565" classname="com.MGSClassic_Execution_Classes.TC_0007_Regression_MGSClassic_Monthly_Activate"/>
  <testcase name="testB" time="0.0" classname="com.MGSClassic_Execution_Classes.Test1"/>
</testsuite> <!-- TC_0007_Regression_MGSClassic_Monthly_Activate -->
