<?xml version="1.0" encoding="UTF-8"?>
<!-- Generated by org.testng.reporters.JUnitXMLReporter -->
<testsuite hostname="TP-LAP0039" ignored="0" name="TC_0013_Regression_MGSClassic_Replace_NewCreditCard" tests="1" failures="0" timestamp="07 Oct 2019 01:50:09 GMT" time="187.753" errors="0">
  <testcase name="TC_0013_Regression_MGS_Replace_NewCreditCard" time="126.136" classname="com.MGSClassic_Execution_Classes.TC_0013_Regression_MGSClassic_Replace_NewCreditCard"/>
</testsuite> <!-- TC_0013_Regression_MGSClassic_Replace_NewCreditCard -->
