<?xml version="1.0" encoding="UTF-8"?>
<!-- Generated by org.testng.reporters.JUnitXMLReporter -->
<testsuite hostname="TP-LAP0039" ignored="0" name="TC_0075_Regression_RUI_ChangeClubtypeNextBillingcycleDecreasedcostwithTRA" tests="1" failures="0" timestamp="05 Oct 2019 19:06:06 GMT" time="161.229" errors="0">
  <testcase name="TC_0075_Regression_RUI_ChangeClubtypeNextBillingcycleDecreasedcostwithTRA" time="40.443" classname="com.Restaurant_Execution_Classes.TC_0075_Regression_RUI_ChangeClubtypeNextBillingcycleDecreasedcostwithTRA"/>
</testsuite> <!-- TC_0075_Regression_RUI_ChangeClubtypeNextBillingcycleDecreasedcostwithTRA -->
