<?xml version="1.0" encoding="UTF-8"?>
<!-- Generated by org.testng.reporters.JUnitXMLReporter -->
<testsuite hostname="TP-LAP0039" ignored="0" name="TC_0072_Regression_RUI_ChangedeliveryNextBillingCyclewithBARTENDER" tests="1" failures="0" timestamp="05 Oct 2019 20:11:59 GMT" time="140.725" errors="0">
  <testcase name="TC_0072_Regression_RUI_ChangedeliveryNextBillingCyclewithBARTENDER" time="32.757" classname="com.Restaurant_Execution_Classes.TC_0072_Regression_RUI_ChangedeliveryNextBillingCyclewithBARTENDER"/>
</testsuite> <!-- TC_0072_Regression_RUI_ChangedeliveryNextBillingCyclewithBARTENDER -->
