<?xml version="1.0" encoding="UTF-8"?>
<!-- Generated by org.testng.reporters.JUnitXMLReporter -->
<testsuite hostname="TP-LAP0039" ignored="0" name="TC_0015_Regression_MGSClassic_Markoff_Tasting" tests="1" failures="0" timestamp="07 Oct 2019 01:56:24 GMT" time="211.826" errors="0">
  <testcase name="TC_0015_Regression_MGS_Markoff_Tasting" time="151.554" classname="com.MGSClassic_Execution_Classes.TC_0015_Regression_MGSClassic_Markoff_Tasting"/>
</testsuite> <!-- TC_0015_Regression_MGSClassic_Markoff_Tasting -->
