<?xml version="1.0" encoding="UTF-8"?>
<!-- Generated by org.testng.reporters.JUnitXMLReporter -->
<testsuite hostname="TP-LAP0039" ignored="2" tests="0" failures="0" timestamp="17 Sep 2019 13:55:11 GMT" time="25.126" errors="0">
  <testcase name="TC_007_Regression_MGS_Monthly_Activate" time="0.0" classname="com.MGSClassic_Execution_Classes.TC_0007_Regression_MGSClassic_Monthly_Activate">
    <ignored/>
  </testcase> <!-- TC_007_Regression_MGS_Monthly_Activate -->
  <testcase name="testB" time="0.0" classname="com.MGSClassic_Execution_Classes.Test1">
    <ignored/>
  </testcase> <!-- testB -->
</testsuite>
