<?xml version="1.0" encoding="UTF-8"?>
<!-- Generated by org.testng.reporters.JUnitXMLReporter -->
<testsuite hostname="TP-LAP0039" ignored="0" name="TestClassic" tests="2" failures="0" timestamp="24 Sep 2019 16:13:29 GMT" time="0.191" errors="0">
  <testcase name="@BeforeTest Beforetest" time="0.169" classname="com.MGSClassic_Execution_Classes.TC_0001_Regression_MGSClassic_MonthlyMember_SignUp">
    <failure type="java.lang.NullPointerException">
      <![CDATA[java.lang.NullPointerException
at com.Utils.ExcelConnection.columnDictionary(ExcelConnection.java:136)
at com.MGS.PagesData.Member_SignUpPagedata.<init>(Member_SignUpPagedata.java:22)
at com.MGSClassic_Execution_Classes.TC_0001_Regression_MGSClassic_MonthlyMember_SignUp.Beforetest(TC_0001_Regression_MGSClassic_MonthlyMember_SignUp.java:52)
... Removed 24 stack frames]]>
    </failure>
  </testcase> <!-- @BeforeTest Beforetest -->
  <testcase name="@BeforeTest Beforetest" time="0.0" classname="com.MGSClassic_Execution_Classes.TC_0002_Regression_MGSClassic_GiftMember_SignUp">
    <skipped/>
  </testcase> <!-- @BeforeTest Beforetest -->
  <testcase name="@AfterTest CloseBroswer" time="0.0" classname="com.MGSClassic_Execution_Classes.TC_0001_Regression_MGSClassic_MonthlyMember_SignUp">
    <skipped/>
  </testcase> <!-- @AfterTest CloseBroswer -->
  <testcase name="@AfterTest CloseBroswer" time="0.0" classname="com.MGSClassic_Execution_Classes.TC_0002_Regression_MGSClassic_GiftMember_SignUp">
    <skipped/>
  </testcase> <!-- @AfterTest CloseBroswer -->
  <testcase name="ClassicMonthlyMemberSignUP" time="0.0" classname="com.MGSClassic_Execution_Classes.TC_0001_Regression_MGSClassic_MonthlyMember_SignUp">
    <skipped/>
  </testcase> <!-- ClassicMonthlyMemberSignUP -->
  <testcase name="GiftMemberSignUP" time="0.0" classname="com.MGSClassic_Execution_Classes.TC_0002_Regression_MGSClassic_GiftMember_SignUp">
    <skipped/>
  </testcase> <!-- GiftMemberSignUP -->
</testsuite> <!-- TestClassic -->
